The given problem seems to be unschedulable using our scheduler, and the rating of the root node is 0.
The problem passed the necessary load-based feasibility test.
The problem passed the necessary interval-based feasibility test.
Since the rating of the root node is 0, I will need to create a safe job ordering from scratch, which may take seconds or centuries...
You should press Control + C if you run out of patience!
 failed after 50 / 8268 jobs
 failed after 98 / 8268 jobs
 failed after 209 / 8268 jobs
 failed after 279 / 8268 jobs
 failed after 346 / 8268 jobs
 failed after 357 / 8268 jobs
 failed after 397 / 8268 jobs
 failed after 621 / 8268 jobs
 failed after 723 / 8268 jobs
 failed after 853 / 8268 jobs
 failed after 862 / 8268 jobs
 failed after 863 / 8268 jobs
 failed after 870 / 8268 jobs
 failed after 958 / 8268 jobs
 failed after 987 / 8268 jobs
 failed after 1176 / 8268 jobs
 failed after 1396 / 8268 jobs
 failed after 1448 / 8268 jobs
 failed after 1524 / 8268 jobs
 failed after 1569 / 8268 jobs
 failed after 1650 / 8268 jobs
 failed after 1757 / 8268 jobs
 failed after 1872 / 8268 jobs
 failed after 1887 / 8268 jobs
 failed after 2006 / 8268 jobs
 failed after 2033 / 8268 jobs
 failed after 2100 / 8268 jobs
 failed after 2102 / 8268 jobs
 failed after 2295 / 8268 jobs
 failed after 2437 / 8268 jobs
 failed after 2458 / 8268 jobs
 failed after 2463 / 8268 jobs
 failed after 2674 / 8268 jobs
 failed after 2707 / 8268 jobs
 failed after 2724 / 8268 jobs
 failed after 2799 / 8268 jobs
 failed after 2807 / 8268 jobs
 failed after 2916 / 8268 jobs
 failed after 2922 / 8268 jobs
 failed after 3233 / 8268 jobs
 failed after 3244 / 8268 jobs
 failed after 3461 / 8268 jobs
 failed after 3463 / 8268 jobs
 failed after 3481 / 8268 jobs
 failed after 3594 / 8268 jobs
 failed after 3610 / 8268 jobs
 failed after 3624 / 8268 jobs
 failed after 3627 / 8268 jobs
 failed after 3637 / 8268 jobs
 failed after 3760 / 8268 jobs
 failed after 3823 / 8268 jobs
 failed after 3902 / 8268 jobs
 failed after 3954 / 8268 jobs
 failed after 4047 / 8268 jobs
 failed after 4188 / 8268 jobs
 failed after 4355 / 8268 jobs
 failed after 4398 / 8268 jobs
 failed after 4432 / 8268 jobs
 failed after 4509 / 8268 jobs
 failed after 4528 / 8268 jobs
 failed after 4530 / 8268 jobs
 failed after 4548 / 8268 jobs
 failed after 4674 / 8268 jobs
 failed after 4774 / 8268 jobs
 failed after 4898 / 8268 jobs
 failed after 4933 / 8268 jobs
 failed after 5104 / 8268 jobs
 failed after 5237 / 8268 jobs
 failed after 5447 / 8268 jobs
 failed after 5556 / 8268 jobs
 failed after 5690 / 8268 jobs
 failed after 5795 / 8268 jobs
 failed after 5809 / 8268 jobs
 failed after 5841 / 8268 jobs
 failed after 6009 / 8268 jobs
 failed after 6119 / 8268 jobs
 failed after 6152 / 8268 jobs
 failed after 6164 / 8268 jobs
 failed after 6225 / 8268 jobs
 failed after 6267 / 8268 jobs
 failed after 6350 / 8268 jobs
 failed after 6482 / 8268 jobs
 failed after 6576 / 8268 jobs
 failed after 6604 / 8268 jobs
 failed after 6692 / 8268 jobs
 failed after 6732 / 8268 jobs
 failed after 6741 / 8268 jobs
 failed after 6857 / 8268 jobs
 failed after 7026 / 8268 jobs
 failed after 7149 / 8268 jobs
 failed after 7171 / 8268 jobs
 failed after 7181 / 8268 jobs
 failed after 7184 / 8268 jobs
 failed after 7282 / 8268 jobs
 failed after 7295 / 8268 jobs
 failed after 7450 / 8268 jobs
 failed after 7550 / 8268 jobs
 failed after 7556 / 8268 jobs
 failed after 7643 / 8268 jobs
 failed after 7663 / 8268 jobs
 failed after 7728 / 8268 jobs
 failed after 7789 / 8268 jobs
 failed after 7803 / 8268 jobs
 failed after 7859 / 8268 jobs
 failed after 8030 / 8268 jobs
I found a safe job ordering!
Time to make cuts...
 increased #extra constraints to 15
