The given problem seems to be unschedulable using our scheduler, and the rating of the root node is 0.024.
The problem passed the necessary load-based feasibility test.
The problem passed the necessary interval-based feasibility test.
Time to make cuts...
 increased #extra constraints to 125
125 dispatch ordering constraints were added, let's try to minimize that...
125 remain after transitivity analysis; let's minimize further using tail trial-and-error...
 reduced #extra constraints to 124
 reduced #extra constraints to 123
 reduced #extra constraints to 122
 reduced #extra constraints to 121
 reduced #extra constraints to 120
 reduced #extra constraints to 119
 reduced #extra constraints to 118
 reduced #extra constraints to 117
 reduced #extra constraints to 116
 reduced #extra constraints to 115
 reduced #extra constraints to 114
 reduced #extra constraints to 113
 reduced #extra constraints to 112
 reduced #extra constraints to 111
 reduced #extra constraints to 110
 reduced #extra constraints to 109
 reduced #extra constraints to 108
 reduced #extra constraints to 107
 reduced #extra constraints to 106
 reduced #extra constraints to 105
 reduced #extra constraints to 104
 reduced #extra constraints to 103
 reduced #extra constraints to 102
 reduced #extra constraints to 101
 reduced #extra constraints to 100
 reduced #extra constraints to 99
 reduced #extra constraints to 98
 reduced #extra constraints to 97
 reduced #extra constraints to 96
 reduced #extra constraints to 95
 reduced #extra constraints to 94
 reduced #extra constraints to 93
 reduced #extra constraints to 92
 reduced #extra constraints to 91
 reduced #extra constraints to 90
 reduced #extra constraints to 89
 reduced #extra constraints to 88
 reduced #extra constraints to 87
 reduced #extra constraints to 86
 reduced #extra constraints to 85
 reduced #extra constraints to 84
 reduced #extra constraints to 83
 reduced #extra constraints to 82
 reduced #extra constraints to 81
 reduced #extra constraints to 80
 reduced #extra constraints to 79
 reduced #extra constraints to 78
 reduced #extra constraints to 77
 reduced #extra constraints to 76
 reduced #extra constraints to 75
 reduced #extra constraints to 74
 reduced #extra constraints to 73
 reduced #extra constraints to 72
 reduced #extra constraints to 71
 reduced #extra constraints to 70
 reduced #extra constraints to 69
 reduced #extra constraints to 68
 reduced #extra constraints to 67
 reduced #extra constraints to 66
 reduced #extra constraints to 65
 reduced #extra constraints to 64
 reduced #extra constraints to 63
 reduced #extra constraints to 62
 reduced #extra constraints to 61
 reduced #extra constraints to 60
 reduced #extra constraints to 59
 reduced #extra constraints to 58
 reduced #extra constraints to 57
 reduced #extra constraints to 56
 reduced #extra constraints to 55
 reduced #extra constraints to 54
 reduced #extra constraints to 53
 reduced #extra constraints to 52
 reduced #extra constraints to 51
 reduced #extra constraints to 50
 reduced #extra constraints to 49
 reduced #extra constraints to 48
 reduced #extra constraints to 47
 reduced #extra constraints to 46
 reduced #extra constraints to 45
 reduced #extra constraints to 44
 reduced #extra constraints to 43
 reduced #extra constraints to 42
 reduced #extra constraints to 41
 reduced #extra constraints to 40
 reduced #extra constraints to 39
 reduced #extra constraints to 38
 reduced #extra constraints to 37
 reduced #extra constraints to 36
 reduced #extra constraints to 35
 reduced #extra constraints to 34
 reduced #extra constraints to 33
 reduced #extra constraints to 32
 reduced #extra constraints to 31
 reduced #extra constraints to 30
 reduced #extra constraints to 29
 reduced #extra constraints to 28
 reduced #extra constraints to 27
 reduced #extra constraints to 26
 reduced #extra constraints to 25
 reduced #extra constraints to 24
 reduced #extra constraints to 23
 reduced #extra constraints to 22
 reduced #extra constraints to 21
 reduced #extra constraints to 20
 reduced #extra constraints to 19
 reduced #extra constraints to 18
 reduced #extra constraints to 17
 reduced #extra constraints to 16
 reduced #extra constraints to 15
 reduced #extra constraints to 14
 reduced #extra constraints to 13
 reduced #extra constraints to 12
 reduced #extra constraints to 11
 reduced #extra constraints to 10
 reduced #extra constraints to 9
9 remain after trial & error.
The given problem seems to be unschedulable (using our scheduler), but you can make it certainly schedulable by adding all the following dispatch ordering constraints:
 - ensure that T4J64 must be dispatched before T20J181
 - ensure that T6J91 must be dispatched before T22J190
 - ensure that T14J149 must be dispatched before T7J107
 - ensure that T24J200 must be dispatched before T15J153
 - ensure that T5J85 must be dispatched before T4J70
 - ensure that T4J72 must be dispatched before T17J169
 - ensure that T26J210 must be dispatched before T19J175
 - ensure that T1J15 must be dispatched before T14J147
 - ensure that T3J48 must be dispatched before T24J201
Reconfiguration took 6.52847 seconds (6.19337 CPU seconds) and consumed 53MB of memory
