The given problem seems to be unschedulable using our scheduler, and the rating of the root node is 0.004.
The problem passed the necessary load-based feasibility test.
The problem passed the necessary interval-based feasibility test.
Since the root node is unsafe, I will need to create a safe job ordering from scratch, which may take seconds or centuries...
You should press Control + C if you run out of patience!
 failed after 165 / 892 jobs
 failed after 187 / 892 jobs
 failed after 203 / 892 jobs
 failed after 213 / 892 jobs
 failed after 214 / 892 jobs
 failed after 250 / 892 jobs
 failed after 263 / 892 jobs
 failed after 273 / 892 jobs
 failed after 274 / 892 jobs
 failed after 277 / 892 jobs
 failed after 287 / 892 jobs
 failed after 591 / 892 jobs
 failed after 604 / 892 jobs
 failed after 608 / 892 jobs
 failed after 647 / 892 jobs
 failed after 679 / 892 jobs
 failed after 681 / 892 jobs
 failed after 701 / 892 jobs
 failed after 800 / 892 jobs
I found a safe job ordering!
Time to make cuts...
 increased #extra constraints to 22
