The given problem seems to be unschedulable using our scheduler, and the rating of the root node is 0.
The problem passed the necessary load-based feasibility test.
The problem passed the necessary interval-based feasibility test.
Since the rating of the root node is 0, I will need to create a safe job ordering from scratch, which may take seconds or centuries...
You should press Control + C if you run out of patience!
 failed after 75 / 855 jobs
 failed after 212 / 855 jobs
 failed after 249 / 855 jobs
 failed after 254 / 855 jobs
 failed after 291 / 855 jobs
 failed after 332 / 855 jobs
 failed after 597 / 855 jobs
 failed after 606 / 855 jobs
 failed after 632 / 855 jobs
 failed after 653 / 855 jobs
 failed after 721 / 855 jobs
 failed after 736 / 855 jobs
 failed after 766 / 855 jobs
 failed after 791 / 855 jobs
 failed after 835 / 855 jobs
I found a safe job ordering!
Time to make cuts...
