The given problem seems to be unschedulable using our scheduler, and the rating of the root node is 0.004.
The problem passed the necessary load-based feasibility test.
The problem passed the necessary interval-based feasibility test.
Since the root node is unsafe, I will need to create a safe job ordering from scratch, which may take seconds or centuries...
You should press Control + C if you run out of patience!
 failed after 94 / 244 jobs
 failed after 158 / 244 jobs
 failed after 181 / 244 jobs
 failed after 193 / 244 jobs
I found a safe job ordering!
Time to make cuts...
 increased #extra constraints to 23
 increased #extra constraints to 42
 increased #extra constraints to 45
 increased #extra constraints to 72
 increased #extra constraints to 77
 increased #extra constraints to 91
 increased #extra constraints to 107
 increased #extra constraints to 119
 increased #extra constraints to 120
 increased #extra constraints to 154
 increased #extra constraints to 176
176 dispatch ordering constraints were added, let's try to minimize that...
176 remain after transitivity analysis; let's minimize further using tail trial-and-error...
 reduced #extra constraints to 175
 reduced #extra constraints to 174
 reduced #extra constraints to 173
 reduced #extra constraints to 172
 reduced #extra constraints to 171
 reduced #extra constraints to 170
 reduced #extra constraints to 169
 reduced #extra constraints to 168
 reduced #extra constraints to 167
 reduced #extra constraints to 166
 reduced #extra constraints to 165
 reduced #extra constraints to 164
 reduced #extra constraints to 163
 reduced #extra constraints to 162
 reduced #extra constraints to 161
 reduced #extra constraints to 160
 reduced #extra constraints to 159
 reduced #extra constraints to 158
 reduced #extra constraints to 157
 reduced #extra constraints to 156
 reduced #extra constraints to 155
 reduced #extra constraints to 154
 reduced #extra constraints to 153
 reduced #extra constraints to 152
 reduced #extra constraints to 151
 reduced #extra constraints to 150
 reduced #extra constraints to 149
 reduced #extra constraints to 148
 reduced #extra constraints to 147
 reduced #extra constraints to 146
 reduced #extra constraints to 145
 reduced #extra constraints to 144
 reduced #extra constraints to 143
 reduced #extra constraints to 142
 reduced #extra constraints to 141
 reduced #extra constraints to 140
 reduced #extra constraints to 139
 reduced #extra constraints to 138
 reduced #extra constraints to 137
 reduced #extra constraints to 136
 reduced #extra constraints to 135
 reduced #extra constraints to 134
 reduced #extra constraints to 133
 reduced #extra constraints to 132
 reduced #extra constraints to 131
 reduced #extra constraints to 130
 reduced #extra constraints to 129
 reduced #extra constraints to 128
 reduced #extra constraints to 127
 reduced #extra constraints to 126
 reduced #extra constraints to 125
 reduced #extra constraints to 124
 reduced #extra constraints to 123
 reduced #extra constraints to 122
 reduced #extra constraints to 121
 reduced #extra constraints to 120
 reduced #extra constraints to 119
 reduced #extra constraints to 118
 reduced #extra constraints to 117
 reduced #extra constraints to 116
 reduced #extra constraints to 115
 reduced #extra constraints to 114
 reduced #extra constraints to 113
 reduced #extra constraints to 112
 reduced #extra constraints to 111
 reduced #extra constraints to 110
 reduced #extra constraints to 109
 reduced #extra constraints to 108
 reduced #extra constraints to 107
 reduced #extra constraints to 106
 reduced #extra constraints to 105
 reduced #extra constraints to 104
 reduced #extra constraints to 103
 reduced #extra constraints to 102
 reduced #extra constraints to 101
 reduced #extra constraints to 100
 reduced #extra constraints to 99
 reduced #extra constraints to 98
 reduced #extra constraints to 97
 reduced #extra constraints to 96
 reduced #extra constraints to 95
 reduced #extra constraints to 94
 reduced #extra constraints to 93
 reduced #extra constraints to 92
 reduced #extra constraints to 91
 reduced #extra constraints to 90
 reduced #extra constraints to 89
 reduced #extra constraints to 88
 reduced #extra constraints to 87
 reduced #extra constraints to 86
 reduced #extra constraints to 85
 reduced #extra constraints to 84
 reduced #extra constraints to 83
 reduced #extra constraints to 82
82 remain after trial & error.
The given problem seems to be unschedulable (using our scheduler), but you can make it certainly schedulable by adding all the following dispatch ordering constraints:
 - ensure that T18J180 must be dispatched before T1J12
 - ensure that T11J132 must be dispatched before T2J24
 - ensure that T19J186 must be dispatched before T2J25
 - ensure that T14J156 must be dispatched before T3J36
 - ensure that T24J216 must be dispatched before T5J60
 - ensure that T27J230 must be dispatched before T11J140
 - ensure that T7J91 must be dispatched before T37J241
 - ensure that T17J177 must be dispatched before T1J18
 - ensure that T11J138 must be dispatched before T2J30
 - ensure that T11J143 must be dispatched before T2J35
 - ensure that T15J165 must be dispatched before T8J102
 - ensure that T5J60 must be dispatched before T14J156
 - ensure that T3J36 must be dispatched before T15J162
 - ensure that T22J204 must be dispatched before T17J174
 - ensure that T12J147 must be dispatched before T9J114
 - ensure that T10J128 must be dispatched before T12J148
 - ensure that T7J90 must be dispatched before T12J147
 - ensure that T3J42 must be dispatched before T14J159
 - ensure that T15J162 must be dispatched before T23J210
 - ensure that T8J96 must be dispatched before T24J216
 - ensure that T5J61 must be dispatched before T26J224
 - ensure that T6J78 must be dispatched before T15J165
 - ensure that T1J13 must be dispatched before T28J232
 - ensure that T8J106 must be dispatched before T12J149
 - ensure that T22J209 must be dispatched before T17J179
 - ensure that T6J80 must be dispatched before T14J160
 - ensure that T10J122 must be dispatched before T4J50
 - ensure that T25J222 must be dispatched before T15J166
 - ensure that T1J18 must be dispatched before T23J213
 - ensure that T4J57 must be dispatched before T16J172
 - ensure that T5J67 must be dispatched before T38J242
 - ensure that T6J83 must be dispatched before T13J155
 - ensure that T38J242 must be dispatched before T3J43
 - ensure that T1J14 must be dispatched before T12J145
 - ensure that T1J22 must be dispatched before T14J161
 - ensure that T13J153 must be dispatched before T5J67
 - ensure that T16J173 must be dispatched before T4J59
 - ensure that T8J103 must be dispatched before T7J91
 - ensure that T14J161 must be dispatched before T23J215
 - ensure that T19J189 must be dispatched before T10J127
 - ensure that T1J15 must be dispatched before T30J234
 - ensure that T3J46 must be dispatched before T29J233
 - ensure that T37J241 must be dispatched before T16J171
 - ensure that T1J19 must be dispatched before T26J226
 - ensure that T0J9 must be dispatched before T35J239
 - ensure that T0J8 must be dispatched before T27J230
 - ensure that T13J151 must be dispatched before T1J15
 - ensure that T33J237 must be dispatched before T1J16
 - ensure that T16J169 must be dispatched before T2J27
 - ensure that T11J136 must be dispatched before T2J28
 - ensure that T19J190 must be dispatched before T0J9
 - ensure that T2J29 must be dispatched before T10J125
 - ensure that T5J69 must be dispatched before T24J219
 - ensure that T15J164 must be dispatched before T7J88
 - ensure that T15J166 must be dispatched before T1J20
 - ensure that T11J140 must be dispatched before T2J32
 - ensure that T35J239 must be dispatched before T2J33
 - ensure that T31J235 must be dispatched before T2J34
 - ensure that T9J111 must be dispatched before T10J123
 - ensure that T32J236 must be dispatched before T11J137
 - ensure that T3J44 must be dispatched before T25J222
 - ensure that T3J39 must be dispatched before T13J151
 - ensure that T3J40 must be dispatched before T14J158
 - ensure that T8J100 must be dispatched before T15J164
 - ensure that T12J148 must be dispatched before T4J56
 - ensure that T27J229 must be dispatched before T17J176
 - ensure that T1J21 must be dispatched before T26J227
 - ensure that T27J231 must be dispatched before T9J118
 - ensure that T11J142 must be dispatched before T31J235
 - ensure that T0J5 must be dispatched before T26J225
 - ensure that T22J206 must be dispatched before T27J229
 - ensure that T26J225 must be dispatched before T32J236
 - ensure that T11J137 must be dispatched before T19J188
 - ensure that T19J191 must be dispatched before T0J11
 - ensure that T5J65 must be dispatched before T13J152
 - ensure that T29J233 must be dispatched before T1J22
 - ensure that T16J170 must be dispatched before T34J238
 - ensure that T19J188 must be dispatched before T2J29
 - ensure that T25J221 must be dispatched before T3J41
 - ensure that T13J154 must be dispatched before T8J105
 - ensure that T13J152 must be dispatched before T25J221
 - ensure that T9J116 must be dispatched before T10J128
Reconfiguration took 72.2387 seconds (68.0846 CPU seconds) and consumed 118MB of memory
