The given problem seems to be unschedulable using our scheduler, and the rating of the root node is 0.004.
The problem passed the necessary load-based feasibility test.
The problem passed the necessary interval-based feasibility test.
Time to make cuts...
 increased #extra constraints to 781
 increased #extra constraints to 782
 increased #extra constraints to 787
787 dispatch ordering constraints were added, let's try to minimize that...
787 remain after transitivity analysis; let's minimize further using tail trial-and-error...
 reduced #extra constraints to 786
 reduced #extra constraints to 785
 reduced #extra constraints to 784
 reduced #extra constraints to 783
 reduced #extra constraints to 782
 reduced #extra constraints to 781
 reduced #extra constraints to 780
 reduced #extra constraints to 779
 reduced #extra constraints to 778
 reduced #extra constraints to 777
 reduced #extra constraints to 776
 reduced #extra constraints to 775
 reduced #extra constraints to 774
 reduced #extra constraints to 773
 reduced #extra constraints to 772
 reduced #extra constraints to 771
 reduced #extra constraints to 770
 reduced #extra constraints to 769
 reduced #extra constraints to 768
 reduced #extra constraints to 767
 reduced #extra constraints to 766
 reduced #extra constraints to 765
 reduced #extra constraints to 764
 reduced #extra constraints to 763
 reduced #extra constraints to 762
 reduced #extra constraints to 761
 reduced #extra constraints to 760
 reduced #extra constraints to 759
 reduced #extra constraints to 758
 reduced #extra constraints to 757
 reduced #extra constraints to 756
 reduced #extra constraints to 755
 reduced #extra constraints to 754
 reduced #extra constraints to 753
 reduced #extra constraints to 752
 reduced #extra constraints to 751
 reduced #extra constraints to 750
 reduced #extra constraints to 749
 reduced #extra constraints to 748
 reduced #extra constraints to 747
 reduced #extra constraints to 746
 reduced #extra constraints to 745
 reduced #extra constraints to 744
 reduced #extra constraints to 743
 reduced #extra constraints to 742
 reduced #extra constraints to 741
 reduced #extra constraints to 740
 reduced #extra constraints to 739
 reduced #extra constraints to 738
 reduced #extra constraints to 737
 reduced #extra constraints to 736
 reduced #extra constraints to 735
 reduced #extra constraints to 734
 reduced #extra constraints to 733
 reduced #extra constraints to 732
 reduced #extra constraints to 731
 reduced #extra constraints to 730
 reduced #extra constraints to 729
 reduced #extra constraints to 728
 reduced #extra constraints to 727
 reduced #extra constraints to 726
 reduced #extra constraints to 725
 reduced #extra constraints to 724
 reduced #extra constraints to 723
 reduced #extra constraints to 722
 reduced #extra constraints to 721
 reduced #extra constraints to 720
 reduced #extra constraints to 719
 reduced #extra constraints to 718
 reduced #extra constraints to 717
 reduced #extra constraints to 716
 reduced #extra constraints to 715
 reduced #extra constraints to 714
 reduced #extra constraints to 713
 reduced #extra constraints to 712
 reduced #extra constraints to 711
 reduced #extra constraints to 710
 reduced #extra constraints to 709
 reduced #extra constraints to 708
 reduced #extra constraints to 707
 reduced #extra constraints to 706
 reduced #extra constraints to 705
 reduced #extra constraints to 704
 reduced #extra constraints to 703
 reduced #extra constraints to 702
 reduced #extra constraints to 701
 reduced #extra constraints to 700
 reduced #extra constraints to 699
 reduced #extra constraints to 698
 reduced #extra constraints to 697
 reduced #extra constraints to 696
 reduced #extra constraints to 695
 reduced #extra constraints to 694
 reduced #extra constraints to 693
 reduced #extra constraints to 692
 reduced #extra constraints to 691
 reduced #extra constraints to 690
 reduced #extra constraints to 689
 reduced #extra constraints to 688
 reduced #extra constraints to 687
 reduced #extra constraints to 686
 reduced #extra constraints to 685
 reduced #extra constraints to 684
 reduced #extra constraints to 683
 reduced #extra constraints to 682
 reduced #extra constraints to 681
 reduced #extra constraints to 680
 reduced #extra constraints to 679
 reduced #extra constraints to 678
 reduced #extra constraints to 677
 reduced #extra constraints to 676
 reduced #extra constraints to 675
 reduced #extra constraints to 674
 reduced #extra constraints to 673
 reduced #extra constraints to 672
 reduced #extra constraints to 671
 reduced #extra constraints to 670
 reduced #extra constraints to 669
 reduced #extra constraints to 668
 reduced #extra constraints to 667
 reduced #extra constraints to 666
 reduced #extra constraints to 665
 reduced #extra constraints to 664
 reduced #extra constraints to 663
 reduced #extra constraints to 662
 reduced #extra constraints to 661
 reduced #extra constraints to 660
 reduced #extra constraints to 659
 reduced #extra constraints to 658
 reduced #extra constraints to 657
 reduced #extra constraints to 656
 reduced #extra constraints to 655
 reduced #extra constraints to 654
 reduced #extra constraints to 653
 reduced #extra constraints to 652
 reduced #extra constraints to 651
 reduced #extra constraints to 650
 reduced #extra constraints to 649
 reduced #extra constraints to 648
 reduced #extra constraints to 647
 reduced #extra constraints to 646
 reduced #extra constraints to 645
 reduced #extra constraints to 644
 reduced #extra constraints to 643
 reduced #extra constraints to 642
 reduced #extra constraints to 641
 reduced #extra constraints to 640
 reduced #extra constraints to 639
 reduced #extra constraints to 638
 reduced #extra constraints to 637
 reduced #extra constraints to 636
 reduced #extra constraints to 635
 reduced #extra constraints to 634
 reduced #extra constraints to 633
 reduced #extra constraints to 632
 reduced #extra constraints to 631
 reduced #extra constraints to 630
 reduced #extra constraints to 629
 reduced #extra constraints to 628
 reduced #extra constraints to 627
 reduced #extra constraints to 626
 reduced #extra constraints to 625
 reduced #extra constraints to 624
 reduced #extra constraints to 623
 reduced #extra constraints to 622
 reduced #extra constraints to 621
 reduced #extra constraints to 620
 reduced #extra constraints to 619
 reduced #extra constraints to 618
 reduced #extra constraints to 617
 reduced #extra constraints to 616
 reduced #extra constraints to 615
 reduced #extra constraints to 614
 reduced #extra constraints to 613
 reduced #extra constraints to 612
 reduced #extra constraints to 611
 reduced #extra constraints to 610
 reduced #extra constraints to 609
 reduced #extra constraints to 608
 reduced #extra constraints to 607
 reduced #extra constraints to 606
 reduced #extra constraints to 605
 reduced #extra constraints to 604
 reduced #extra constraints to 603
 reduced #extra constraints to 602
 reduced #extra constraints to 601
 reduced #extra constraints to 600
 reduced #extra constraints to 599
 reduced #extra constraints to 598
 reduced #extra constraints to 597
 reduced #extra constraints to 596
 reduced #extra constraints to 595
 reduced #extra constraints to 594
 reduced #extra constraints to 593
 reduced #extra constraints to 592
 reduced #extra constraints to 591
 reduced #extra constraints to 590
 reduced #extra constraints to 589
 reduced #extra constraints to 588
 reduced #extra constraints to 587
 reduced #extra constraints to 586
 reduced #extra constraints to 585
 reduced #extra constraints to 584
 reduced #extra constraints to 583
 reduced #extra constraints to 582
 reduced #extra constraints to 581
 reduced #extra constraints to 580
 reduced #extra constraints to 579
 reduced #extra constraints to 578
 reduced #extra constraints to 577
 reduced #extra constraints to 576
 reduced #extra constraints to 575
 reduced #extra constraints to 574
 reduced #extra constraints to 573
 reduced #extra constraints to 572
 reduced #extra constraints to 571
 reduced #extra constraints to 570
 reduced #extra constraints to 569
 reduced #extra constraints to 568
 reduced #extra constraints to 567
 reduced #extra constraints to 566
 reduced #extra constraints to 565
 reduced #extra constraints to 564
 reduced #extra constraints to 563
 reduced #extra constraints to 562
 reduced #extra constraints to 561
 reduced #extra constraints to 560
 reduced #extra constraints to 559
 reduced #extra constraints to 558
 reduced #extra constraints to 557
 reduced #extra constraints to 556
 reduced #extra constraints to 555
 reduced #extra constraints to 554
 reduced #extra constraints to 553
 reduced #extra constraints to 552
 reduced #extra constraints to 551
 reduced #extra constraints to 550
 reduced #extra constraints to 549
 reduced #extra constraints to 548
 reduced #extra constraints to 547
 reduced #extra constraints to 546
 reduced #extra constraints to 545
 reduced #extra constraints to 544
 reduced #extra constraints to 543
 reduced #extra constraints to 542
 reduced #extra constraints to 541
 reduced #extra constraints to 540
 reduced #extra constraints to 539
 reduced #extra constraints to 538
 reduced #extra constraints to 537
 reduced #extra constraints to 536
 reduced #extra constraints to 535
 reduced #extra constraints to 534
 reduced #extra constraints to 533
 reduced #extra constraints to 532
 reduced #extra constraints to 531
 reduced #extra constraints to 530
 reduced #extra constraints to 529
 reduced #extra constraints to 528
 reduced #extra constraints to 527
 reduced #extra constraints to 526
 reduced #extra constraints to 525
 reduced #extra constraints to 524
 reduced #extra constraints to 523
 reduced #extra constraints to 522
 reduced #extra constraints to 521
 reduced #extra constraints to 520
 reduced #extra constraints to 519
 reduced #extra constraints to 518
 reduced #extra constraints to 517
 reduced #extra constraints to 516
 reduced #extra constraints to 515
 reduced #extra constraints to 514
 reduced #extra constraints to 513
 reduced #extra constraints to 512
 reduced #extra constraints to 511
 reduced #extra constraints to 510
 reduced #extra constraints to 509
 reduced #extra constraints to 508
 reduced #extra constraints to 507
 reduced #extra constraints to 506
 reduced #extra constraints to 505
 reduced #extra constraints to 504
 reduced #extra constraints to 503
 reduced #extra constraints to 502
 reduced #extra constraints to 501
 reduced #extra constraints to 500
 reduced #extra constraints to 499
 reduced #extra constraints to 498
 reduced #extra constraints to 497
 reduced #extra constraints to 496
 reduced #extra constraints to 495
 reduced #extra constraints to 494
 reduced #extra constraints to 493
 reduced #extra constraints to 492
 reduced #extra constraints to 491
 reduced #extra constraints to 490
 reduced #extra constraints to 489
 reduced #extra constraints to 488
 reduced #extra constraints to 487
 reduced #extra constraints to 486
 reduced #extra constraints to 485
 reduced #extra constraints to 484
 reduced #extra constraints to 483
 reduced #extra constraints to 482
 reduced #extra constraints to 481
 reduced #extra constraints to 480
 reduced #extra constraints to 479
 reduced #extra constraints to 478
 reduced #extra constraints to 477
 reduced #extra constraints to 476
 reduced #extra constraints to 475
 reduced #extra constraints to 474
 reduced #extra constraints to 473
 reduced #extra constraints to 472
 reduced #extra constraints to 471
 reduced #extra constraints to 470
 reduced #extra constraints to 469
 reduced #extra constraints to 468
 reduced #extra constraints to 467
 reduced #extra constraints to 466
 reduced #extra constraints to 465
 reduced #extra constraints to 464
 reduced #extra constraints to 463
 reduced #extra constraints to 462
 reduced #extra constraints to 461
 reduced #extra constraints to 460
 reduced #extra constraints to 459
 reduced #extra constraints to 458
 reduced #extra constraints to 457
 reduced #extra constraints to 456
 reduced #extra constraints to 455
 reduced #extra constraints to 454
 reduced #extra constraints to 453
 reduced #extra constraints to 452
 reduced #extra constraints to 451
 reduced #extra constraints to 450
 reduced #extra constraints to 449
 reduced #extra constraints to 448
 reduced #extra constraints to 447
 reduced #extra constraints to 446
 reduced #extra constraints to 445
 reduced #extra constraints to 444
 reduced #extra constraints to 443
 reduced #extra constraints to 442
 reduced #extra constraints to 441
 reduced #extra constraints to 440
 reduced #extra constraints to 439
 reduced #extra constraints to 438
 reduced #extra constraints to 437
 reduced #extra constraints to 436
 reduced #extra constraints to 435
 reduced #extra constraints to 434
 reduced #extra constraints to 433
 reduced #extra constraints to 432
 reduced #extra constraints to 431
 reduced #extra constraints to 430
 reduced #extra constraints to 429
 reduced #extra constraints to 428
 reduced #extra constraints to 427
 reduced #extra constraints to 426
 reduced #extra constraints to 425
 reduced #extra constraints to 424
 reduced #extra constraints to 423
 reduced #extra constraints to 422
 reduced #extra constraints to 421
 reduced #extra constraints to 420
 reduced #extra constraints to 419
 reduced #extra constraints to 418
 reduced #extra constraints to 417
 reduced #extra constraints to 416
 reduced #extra constraints to 415
 reduced #extra constraints to 414
 reduced #extra constraints to 413
 reduced #extra constraints to 412
 reduced #extra constraints to 411
 reduced #extra constraints to 410
 reduced #extra constraints to 409
 reduced #extra constraints to 408
 reduced #extra constraints to 407
 reduced #extra constraints to 406
 reduced #extra constraints to 405
 reduced #extra constraints to 404
 reduced #extra constraints to 403
 reduced #extra constraints to 402
 reduced #extra constraints to 401
 reduced #extra constraints to 400
 reduced #extra constraints to 399
 reduced #extra constraints to 398
 reduced #extra constraints to 397
 reduced #extra constraints to 396
 reduced #extra constraints to 395
 reduced #extra constraints to 394
 reduced #extra constraints to 393
 reduced #extra constraints to 392
 reduced #extra constraints to 391
 reduced #extra constraints to 390
 reduced #extra constraints to 389
 reduced #extra constraints to 388
 reduced #extra constraints to 387
 reduced #extra constraints to 386
 reduced #extra constraints to 385
 reduced #extra constraints to 384
 reduced #extra constraints to 383
 reduced #extra constraints to 382
 reduced #extra constraints to 381
 reduced #extra constraints to 380
 reduced #extra constraints to 379
 reduced #extra constraints to 378
 reduced #extra constraints to 377
 reduced #extra constraints to 376
 reduced #extra constraints to 375
 reduced #extra constraints to 374
 reduced #extra constraints to 373
 reduced #extra constraints to 372
 reduced #extra constraints to 371
 reduced #extra constraints to 370
 reduced #extra constraints to 369
 reduced #extra constraints to 368
 reduced #extra constraints to 367
 reduced #extra constraints to 366
 reduced #extra constraints to 365
 reduced #extra constraints to 364
 reduced #extra constraints to 363
 reduced #extra constraints to 362
 reduced #extra constraints to 361
 reduced #extra constraints to 360
 reduced #extra constraints to 359
 reduced #extra constraints to 358
 reduced #extra constraints to 357
 reduced #extra constraints to 356
 reduced #extra constraints to 355
 reduced #extra constraints to 354
 reduced #extra constraints to 353
 reduced #extra constraints to 352
 reduced #extra constraints to 351
 reduced #extra constraints to 350
 reduced #extra constraints to 349
 reduced #extra constraints to 348
 reduced #extra constraints to 347
 reduced #extra constraints to 346
 reduced #extra constraints to 345
 reduced #extra constraints to 344
 reduced #extra constraints to 343
 reduced #extra constraints to 342
 reduced #extra constraints to 341
 reduced #extra constraints to 340
 reduced #extra constraints to 339
 reduced #extra constraints to 338
 reduced #extra constraints to 337
 reduced #extra constraints to 336
 reduced #extra constraints to 335
 reduced #extra constraints to 334
 reduced #extra constraints to 333
 reduced #extra constraints to 332
 reduced #extra constraints to 331
 reduced #extra constraints to 330
 reduced #extra constraints to 329
 reduced #extra constraints to 328
 reduced #extra constraints to 327
 reduced #extra constraints to 326
 reduced #extra constraints to 325
 reduced #extra constraints to 324
 reduced #extra constraints to 323
 reduced #extra constraints to 322
 reduced #extra constraints to 321
 reduced #extra constraints to 320
 reduced #extra constraints to 319
 reduced #extra constraints to 318
 reduced #extra constraints to 317
 reduced #extra constraints to 316
 reduced #extra constraints to 315
 reduced #extra constraints to 314
 reduced #extra constraints to 313
 reduced #extra constraints to 312
 reduced #extra constraints to 311
 reduced #extra constraints to 310
 reduced #extra constraints to 309
 reduced #extra constraints to 308
 reduced #extra constraints to 307
 reduced #extra constraints to 306
 reduced #extra constraints to 305
 reduced #extra constraints to 304
 reduced #extra constraints to 303
 reduced #extra constraints to 302
 reduced #extra constraints to 301
 reduced #extra constraints to 300
 reduced #extra constraints to 299
 reduced #extra constraints to 298
 reduced #extra constraints to 297
 reduced #extra constraints to 296
 reduced #extra constraints to 295
 reduced #extra constraints to 294
 reduced #extra constraints to 293
 reduced #extra constraints to 292
 reduced #extra constraints to 291
 reduced #extra constraints to 290
 reduced #extra constraints to 289
 reduced #extra constraints to 288
 reduced #extra constraints to 287
 reduced #extra constraints to 286
 reduced #extra constraints to 285
 reduced #extra constraints to 284
 reduced #extra constraints to 283
 reduced #extra constraints to 282
 reduced #extra constraints to 281
 reduced #extra constraints to 280
 reduced #extra constraints to 279
 reduced #extra constraints to 278
 reduced #extra constraints to 277
 reduced #extra constraints to 276
 reduced #extra constraints to 275
 reduced #extra constraints to 274
 reduced #extra constraints to 273
 reduced #extra constraints to 272
 reduced #extra constraints to 271
 reduced #extra constraints to 270
 reduced #extra constraints to 269
 reduced #extra constraints to 268
 reduced #extra constraints to 267
 reduced #extra constraints to 266
 reduced #extra constraints to 265
 reduced #extra constraints to 264
 reduced #extra constraints to 263
 reduced #extra constraints to 262
 reduced #extra constraints to 261
 reduced #extra constraints to 260
 reduced #extra constraints to 259
 reduced #extra constraints to 258
 reduced #extra constraints to 257
 reduced #extra constraints to 256
 reduced #extra constraints to 255
 reduced #extra constraints to 254
 reduced #extra constraints to 253
 reduced #extra constraints to 252
 reduced #extra constraints to 251
 reduced #extra constraints to 250
 reduced #extra constraints to 249
 reduced #extra constraints to 248
 reduced #extra constraints to 247
 reduced #extra constraints to 246
 reduced #extra constraints to 245
 reduced #extra constraints to 244
 reduced #extra constraints to 243
 reduced #extra constraints to 242
 reduced #extra constraints to 241
 reduced #extra constraints to 240
 reduced #extra constraints to 239
 reduced #extra constraints to 238
 reduced #extra constraints to 237
 reduced #extra constraints to 236
 reduced #extra constraints to 235
 reduced #extra constraints to 234
 reduced #extra constraints to 233
 reduced #extra constraints to 232
 reduced #extra constraints to 231
 reduced #extra constraints to 230
 reduced #extra constraints to 229
 reduced #extra constraints to 228
 reduced #extra constraints to 227
 reduced #extra constraints to 226
 reduced #extra constraints to 225
 reduced #extra constraints to 224
 reduced #extra constraints to 223
 reduced #extra constraints to 222
 reduced #extra constraints to 221
 reduced #extra constraints to 220
 reduced #extra constraints to 219
 reduced #extra constraints to 218
 reduced #extra constraints to 217
 reduced #extra constraints to 216
 reduced #extra constraints to 215
 reduced #extra constraints to 214
 reduced #extra constraints to 213
 reduced #extra constraints to 212
 reduced #extra constraints to 211
 reduced #extra constraints to 210
 reduced #extra constraints to 209
 reduced #extra constraints to 208
 reduced #extra constraints to 207
 reduced #extra constraints to 206
 reduced #extra constraints to 205
 reduced #extra constraints to 204
 reduced #extra constraints to 203
 reduced #extra constraints to 202
 reduced #extra constraints to 201
 reduced #extra constraints to 200
 reduced #extra constraints to 199
 reduced #extra constraints to 198
 reduced #extra constraints to 197
 reduced #extra constraints to 196
 reduced #extra constraints to 195
 reduced #extra constraints to 194
 reduced #extra constraints to 193
 reduced #extra constraints to 192
 reduced #extra constraints to 191
 reduced #extra constraints to 190
 reduced #extra constraints to 189
 reduced #extra constraints to 188
 reduced #extra constraints to 187
 reduced #extra constraints to 186
 reduced #extra constraints to 185
 reduced #extra constraints to 184
 reduced #extra constraints to 183
 reduced #extra constraints to 182
 reduced #extra constraints to 181
 reduced #extra constraints to 180
 reduced #extra constraints to 179
 reduced #extra constraints to 178
 reduced #extra constraints to 177
 reduced #extra constraints to 176
 reduced #extra constraints to 175
 reduced #extra constraints to 174
 reduced #extra constraints to 173
 reduced #extra constraints to 172
 reduced #extra constraints to 171
 reduced #extra constraints to 170
 reduced #extra constraints to 169
 reduced #extra constraints to 168
 reduced #extra constraints to 167
 reduced #extra constraints to 166
 reduced #extra constraints to 165
 reduced #extra constraints to 164
 reduced #extra constraints to 163
 reduced #extra constraints to 162
 reduced #extra constraints to 161
 reduced #extra constraints to 160
 reduced #extra constraints to 159
 reduced #extra constraints to 158
 reduced #extra constraints to 157
 reduced #extra constraints to 156
 reduced #extra constraints to 155
 reduced #extra constraints to 154
 reduced #extra constraints to 153
 reduced #extra constraints to 152
 reduced #extra constraints to 151
 reduced #extra constraints to 150
 reduced #extra constraints to 149
 reduced #extra constraints to 148
 reduced #extra constraints to 147
 reduced #extra constraints to 146
 reduced #extra constraints to 145
 reduced #extra constraints to 144
 reduced #extra constraints to 143
 reduced #extra constraints to 142
 reduced #extra constraints to 141
 reduced #extra constraints to 140
 reduced #extra constraints to 139
 reduced #extra constraints to 138
 reduced #extra constraints to 137
 reduced #extra constraints to 136
 reduced #extra constraints to 135
 reduced #extra constraints to 134
 reduced #extra constraints to 133
 reduced #extra constraints to 132
 reduced #extra constraints to 131
 reduced #extra constraints to 130
 reduced #extra constraints to 129
 reduced #extra constraints to 128
 reduced #extra constraints to 127
 reduced #extra constraints to 126
 reduced #extra constraints to 125
 reduced #extra constraints to 124
 reduced #extra constraints to 123
 reduced #extra constraints to 122
 reduced #extra constraints to 121
 reduced #extra constraints to 120
 reduced #extra constraints to 119
 reduced #extra constraints to 118
 reduced #extra constraints to 117
 reduced #extra constraints to 116
 reduced #extra constraints to 115
 reduced #extra constraints to 114
 reduced #extra constraints to 113
 reduced #extra constraints to 112
 reduced #extra constraints to 111
 reduced #extra constraints to 110
 reduced #extra constraints to 109
 reduced #extra constraints to 108
 reduced #extra constraints to 107
 reduced #extra constraints to 106
 reduced #extra constraints to 105
 reduced #extra constraints to 104
 reduced #extra constraints to 103
 reduced #extra constraints to 102
 reduced #extra constraints to 101
 reduced #extra constraints to 100
 reduced #extra constraints to 99
 reduced #extra constraints to 98
 reduced #extra constraints to 97
 reduced #extra constraints to 96
 reduced #extra constraints to 95
 reduced #extra constraints to 94
 reduced #extra constraints to 93
 reduced #extra constraints to 92
 reduced #extra constraints to 91
 reduced #extra constraints to 90
 reduced #extra constraints to 89
 reduced #extra constraints to 88
 reduced #extra constraints to 87
87 remain after trial & error.
The given problem seems to be unschedulable (using our scheduler), but you can make it certainly schedulable by adding all the following dispatch ordering constraints:
 - ensure that T1J196 must be dispatched before T13J1479
 - ensure that T1J201 must be dispatched before T13J1480
 - ensure that T18J1572 must be dispatched before T19J1587
 - ensure that T1J211 must be dispatched before T13J1482
 - ensure that T18J1573 must be dispatched before T19J1588
 - ensure that T1J153 must be dispatched before T26J1690
 - ensure that T1J226 must be dispatched before T13J1485
 - ensure that T14J1501 must be dispatched before T26J1694
 - ensure that T18J1576 must be dispatched before T19J1591
 - ensure that T13J1485 must be dispatched before T26J1699
 - ensure that T18J1578 must be dispatched before T19J1593
 - ensure that T18J1579 must be dispatched before T19J1594
 - ensure that T26J1688 must be dispatched before T27J1703
 - ensure that T25J1675 must be dispatched before T27J1705
 - ensure that T13J1479 must be dispatched before T29J1736
 - ensure that T13J1482 must be dispatched before T20J1607
 - ensure that T1J228 must be dispatched before T31J1754
 - ensure that T31J1754 must be dispatched before T32J1762
 - ensure that T15J1516 must be dispatched before T22J1628
 - ensure that T15J1519 must be dispatched before T22J1630
 - ensure that T25J1671 must be dispatched before T33J1763
 - ensure that T1J186 must be dispatched before T15J1525
 - ensure that T23J1643 must be dispatched before T24J1658
 - ensure that T32J1762 must be dispatched before T33J1770
 - ensure that T27J1707 must be dispatched before T30J1742
 - ensure that T27J1709 must be dispatched before T30J1743
 - ensure that T1J138 must be dispatched before T23J1643
 - ensure that T21J1615 must be dispatched before T28J1720
 - ensure that T1J199 must be dispatched before T30J1744
 - ensure that T1J214 must be dispatched before T30J1745
 - ensure that T31J1753 must be dispatched before T32J1761
 - ensure that T1J123 must be dispatched before T31J1747
 - ensure that T1J128 must be dispatched before T16J1537
 - ensure that T1J139 must be dispatched before T31J1748
 - ensure that T1J144 must be dispatched before T16J1539
 - ensure that T1J152 must be dispatched before T16J1540
 - ensure that T24J1660 must be dispatched before T31J1749
 - ensure that T1J168 must be dispatched before T16J1542
 - ensure that T13J1477 must be dispatched before T24J1664
 - ensure that T1J184 must be dispatched before T16J1544
 - ensure that T1J192 must be dispatched before T16J1545
 - ensure that T1J124 must be dispatched before T25J1671
 - ensure that T1J208 must be dispatched before T16J1547
 - ensure that T1J167 must be dispatched before T31J1750
 - ensure that T1J182 must be dispatched before T31J1751
 - ensure that T1J232 must be dispatched before T16J1550
 - ensure that T1J148 must be dispatched before T17J1554
 - ensure that T1J197 must be dispatched before T31J1752
 - ensure that T1J212 must be dispatched before T31J1753
 - ensure that T24J1656 must be dispatched before T29J1731
 - ensure that T27J1703 must be dispatched before T29J1732
 - ensure that T1J125 must be dispatched before T12J1441
 - ensure that T1J130 must be dispatched before T12J1442
 - ensure that T1J231 must be dispatched before T17J1564
 - ensure that T1J140 must be dispatched before T12J1444
 - ensure that T1J145 must be dispatched before T12J1445
 - ensure that T13J1464 must be dispatched before T18J1566
 - ensure that T1J155 must be dispatched before T12J1447
 - ensure that T1J129 must be dispatched before T18J1567
 - ensure that T15J1517 must be dispatched before T18J1569
 - ensure that T1J170 must be dispatched before T12J1450
 - ensure that T13J1472 must be dispatched before T18J1571
 - ensure that T1J169 must be dispatched before T18J1572
 - ensure that T1J185 must be dispatched before T12J1453
 - ensure that T1J177 must be dispatched before T18J1573
 - ensure that T1J193 must be dispatched before T18J1575
 - ensure that T13J1480 must be dispatched before T18J1576
 - ensure that T1J209 must be dispatched before T18J1577
 - ensure that T1J210 must be dispatched before T12J1458
 - ensure that T1J217 must be dispatched before T18J1578
 - ensure that T15J1533 must be dispatched before T18J1579
 - ensure that T1J225 must be dispatched before T12J1461
 - ensure that T1J233 must be dispatched before T18J1580
 - ensure that T1J121 must be dispatched before T13J1464
 - ensure that T18J1566 must be dispatched before T19J1581
 - ensure that T13J1470 must be dispatched before T29J1733
 - ensure that T1J136 must be dispatched before T13J1467
 - ensure that T1J141 must be dispatched before T13J1468
 - ensure that T1J146 must be dispatched before T13J1469
 - ensure that T1J151 must be dispatched before T13J1470
 - ensure that T13J1473 must be dispatched before T29J1734
 - ensure that T1J161 must be dispatched before T13J1472
 - ensure that T1J166 must be dispatched before T13J1473
 - ensure that T1J137 must be dispatched before T26J1688
 - ensure that T13J1476 must be dispatched before T29J1735
 - ensure that T1J181 must be dispatched before T13J1476
 - ensure that T18J1571 must be dispatched before T19J1586
Reconfiguration took 63.0594 seconds (60.9956 CPU seconds) and consumed 79MB of memory
