The given problem seems to be unschedulable using our scheduler, and the rating of the root node is 0.
The problem passed the necessary load-based feasibility test.
The problem passed the necessary interval-based feasibility test.
Since the rating of the root node is 0, I will need to create a safe job ordering from scratch, which may take seconds or centuries...
You should press Control + C if you run out of patience!
 failed after 39 / 2592 jobs
 failed after 51 / 2592 jobs
 failed after 54 / 2592 jobs
 failed after 69 / 2592 jobs
 failed after 97 / 2592 jobs
 failed after 105 / 2592 jobs
 failed after 109 / 2592 jobs
 failed after 117 / 2592 jobs
 failed after 121 / 2592 jobs
 failed after 140 / 2592 jobs
 failed after 143 / 2592 jobs
 failed after 144 / 2592 jobs
 failed after 273 / 2592 jobs
 failed after 322 / 2592 jobs
 failed after 345 / 2592 jobs
 failed after 356 / 2592 jobs
 failed after 466 / 2592 jobs
 failed after 563 / 2592 jobs
 failed after 652 / 2592 jobs
 failed after 812 / 2592 jobs
 failed after 842 / 2592 jobs
 failed after 849 / 2592 jobs
 failed after 851 / 2592 jobs
 failed after 862 / 2592 jobs
 failed after 865 / 2592 jobs
 failed after 884 / 2592 jobs
 failed after 905 / 2592 jobs
 failed after 1040 / 2592 jobs
 failed after 1052 / 2592 jobs
 failed after 1254 / 2592 jobs
 failed after 1265 / 2592 jobs
 failed after 1277 / 2592 jobs
 failed after 1286 / 2592 jobs
 failed after 1288 / 2592 jobs
 failed after 1305 / 2592 jobs
 failed after 1355 / 2592 jobs
 failed after 1457 / 2592 jobs
 failed after 1464 / 2592 jobs
 failed after 1482 / 2592 jobs
 failed after 1483 / 2592 jobs
 failed after 1486 / 2592 jobs
 failed after 1487 / 2592 jobs
 failed after 1496 / 2592 jobs
 failed after 1500 / 2592 jobs
 failed after 1521 / 2592 jobs
 failed after 1531 / 2592 jobs
 failed after 1532 / 2592 jobs
 failed after 1538 / 2592 jobs
 failed after 1540 / 2592 jobs
 failed after 1553 / 2592 jobs
 failed after 1557 / 2592 jobs
 failed after 1643 / 2592 jobs
 failed after 1650 / 2592 jobs
 failed after 1681 / 2592 jobs
 failed after 1736 / 2592 jobs
 failed after 1970 / 2592 jobs
 failed after 2036 / 2592 jobs
 failed after 2247 / 2592 jobs
 failed after 2249 / 2592 jobs
 failed after 2250 / 2592 jobs
 failed after 2251 / 2592 jobs
 failed after 2261 / 2592 jobs
 failed after 2263 / 2592 jobs
 failed after 2264 / 2592 jobs
 failed after 2265 / 2592 jobs
 failed after 2294 / 2592 jobs
 failed after 2296 / 2592 jobs
 failed after 2300 / 2592 jobs
 failed after 2433 / 2592 jobs
 failed after 2443 / 2592 jobs
 failed after 2447 / 2592 jobs
 failed after 2452 / 2592 jobs
 failed after 2462 / 2592 jobs
 failed after 2468 / 2592 jobs
 failed after 2492 / 2592 jobs
 failed after 2514 / 2592 jobs
 failed after 2516 / 2592 jobs
 failed after 2519 / 2592 jobs
 failed after 2520 / 2592 jobs
 failed after 2527 / 2592 jobs
 failed after 2530 / 2592 jobs
 failed after 2533 / 2592 jobs
 failed after 2544 / 2592 jobs
 failed after 2545 / 2592 jobs
I found a safe job ordering!
Time to make cuts...
 increased #extra constraints to 13
 increased #extra constraints to 28
 increased #extra constraints to 40
 increased #extra constraints to 53
 increased #extra constraints to 88
 increased #extra constraints to 99
 increased #extra constraints to 120
 increased #extra constraints to 131
 increased #extra constraints to 156
 increased #extra constraints to 170
 increased #extra constraints to 171
 increased #extra constraints to 182
 increased #extra constraints to 194
 increased #extra constraints to 207
 increased #extra constraints to 219
 increased #extra constraints to 228
 increased #extra constraints to 237
 increased #extra constraints to 247
 increased #extra constraints to 258
 increased #extra constraints to 269
 increased #extra constraints to 282
 increased #extra constraints to 294
 increased #extra constraints to 306
 increased #extra constraints to 319
 increased #extra constraints to 331
 increased #extra constraints to 356
 increased #extra constraints to 372
 increased #extra constraints to 382
 increased #extra constraints to 393
 increased #extra constraints to 409
 increased #extra constraints to 421
 increased #extra constraints to 431
 increased #extra constraints to 442
 increased #extra constraints to 453
 increased #extra constraints to 464
 increased #extra constraints to 475
 increased #extra constraints to 488
 increased #extra constraints to 497
 increased #extra constraints to 518
 increased #extra constraints to 533
 increased #extra constraints to 544
 increased #extra constraints to 577
 increased #extra constraints to 592
 increased #extra constraints to 615
 increased #extra constraints to 628
 increased #extra constraints to 638
 increased #extra constraints to 650
 increased #extra constraints to 665
 increased #extra constraints to 678
 increased #extra constraints to 700
 increased #extra constraints to 701
 increased #extra constraints to 723
 increased #extra constraints to 746
 increased #extra constraints to 755
 increased #extra constraints to 766
 increased #extra constraints to 780
 increased #extra constraints to 795
 increased #extra constraints to 809
 increased #extra constraints to 814
 increased #extra constraints to 820
 increased #extra constraints to 840
 increased #extra constraints to 852
 increased #extra constraints to 873
 increased #extra constraints to 882
 increased #extra constraints to 892
 increased #extra constraints to 902
 increased #extra constraints to 917
 increased #extra constraints to 930
 increased #extra constraints to 931
 increased #extra constraints to 942
 increased #extra constraints to 966
 increased #extra constraints to 976
 increased #extra constraints to 986
 increased #extra constraints to 1005
 increased #extra constraints to 1014
 increased #extra constraints to 1024
 increased #extra constraints to 1037
 increased #extra constraints to 1047
 increased #extra constraints to 1073
 increased #extra constraints to 1084
 increased #extra constraints to 1094
 increased #extra constraints to 1106
 increased #extra constraints to 1127
 increased #extra constraints to 1139
 increased #extra constraints to 1149
 increased #extra constraints to 1164
 increased #extra constraints to 1175
 increased #extra constraints to 1185
 increased #extra constraints to 1195
 increased #extra constraints to 1209
 increased #extra constraints to 1221
 increased #extra constraints to 1230
 increased #extra constraints to 1239
 increased #extra constraints to 1250
 increased #extra constraints to 1260
 increased #extra constraints to 1270
 increased #extra constraints to 1286
 increased #extra constraints to 1297
 increased #extra constraints to 1319
 increased #extra constraints to 1342
 increased #extra constraints to 1368
 increased #extra constraints to 1377
 increased #extra constraints to 1388
 increased #extra constraints to 1398
 increased #extra constraints to 1407
 increased #extra constraints to 1421
 increased #extra constraints to 1443
 increased #extra constraints to 1454
 increased #extra constraints to 1464
 increased #extra constraints to 1486
 increased #extra constraints to 1497
