The given problem seems to be unschedulable using our scheduler, and the rating of the root node is 0.004.
The problem passed the necessary load-based feasibility test.
The problem passed the necessary interval-based feasibility test.
Since the root node is unsafe, I will need to create a safe job ordering from scratch, which may take seconds or centuries...
You should press Control + C if you run out of patience!
 failed after 42 / 230 jobs
 failed after 43 / 230 jobs
 failed after 44 / 230 jobs
 failed after 47 / 230 jobs
 failed after 48 / 230 jobs
 failed after 49 / 230 jobs
 failed after 51 / 230 jobs
 failed after 107 / 230 jobs
 failed after 112 / 230 jobs
 failed after 113 / 230 jobs
 failed after 129 / 230 jobs
 failed after 140 / 230 jobs
 failed after 144 / 230 jobs
 failed after 150 / 230 jobs
 failed after 163 / 230 jobs
 failed after 189 / 230 jobs
 failed after 209 / 230 jobs
 failed after 210 / 230 jobs
 failed after 212 / 230 jobs
 failed after 214 / 230 jobs
 failed after 215 / 230 jobs
 failed after 216 / 230 jobs
 failed after 218 / 230 jobs
 failed after 219 / 230 jobs
 failed after 220 / 230 jobs
 failed after 221 / 230 jobs
 failed after 223 / 230 jobs
 failed after 225 / 230 jobs
I found a safe job ordering!
Time to make cuts...
 increased #extra constraints to 20
 increased #extra constraints to 34
 increased #extra constraints to 36
 increased #extra constraints to 40
 increased #extra constraints to 49
 increased #extra constraints to 88
 increased #extra constraints to 95
 increased #extra constraints to 97
 increased #extra constraints to 125
 increased #extra constraints to 141
 increased #extra constraints to 150
 increased #extra constraints to 175
 increased #extra constraints to 183
 increased #extra constraints to 198
 increased #extra constraints to 200
200 dispatch ordering constraints were added, let's try to minimize that...
200 remain after transitivity analysis; let's minimize further using tail trial-and-error...
 reduced #extra constraints to 199
 reduced #extra constraints to 198
 reduced #extra constraints to 197
 reduced #extra constraints to 196
 reduced #extra constraints to 195
 reduced #extra constraints to 194
 reduced #extra constraints to 193
 reduced #extra constraints to 192
 reduced #extra constraints to 191
 reduced #extra constraints to 190
 reduced #extra constraints to 189
 reduced #extra constraints to 188
 reduced #extra constraints to 187
 reduced #extra constraints to 186
 reduced #extra constraints to 185
 reduced #extra constraints to 184
 reduced #extra constraints to 183
 reduced #extra constraints to 182
 reduced #extra constraints to 181
 reduced #extra constraints to 180
 reduced #extra constraints to 179
 reduced #extra constraints to 178
 reduced #extra constraints to 177
 reduced #extra constraints to 176
 reduced #extra constraints to 175
 reduced #extra constraints to 174
 reduced #extra constraints to 173
 reduced #extra constraints to 172
 reduced #extra constraints to 171
 reduced #extra constraints to 170
 reduced #extra constraints to 169
 reduced #extra constraints to 168
 reduced #extra constraints to 167
 reduced #extra constraints to 166
 reduced #extra constraints to 165
 reduced #extra constraints to 164
 reduced #extra constraints to 163
 reduced #extra constraints to 162
 reduced #extra constraints to 161
 reduced #extra constraints to 160
 reduced #extra constraints to 159
 reduced #extra constraints to 158
 reduced #extra constraints to 157
 reduced #extra constraints to 156
 reduced #extra constraints to 155
155 remain after trial & error.
The given problem seems to be unschedulable (using our scheduler), but you can make it certainly schedulable by adding all the following dispatch ordering constraints:
 - ensure that T25J200 must be dispatched before T1J12
 - ensure that T9J100 must be dispatched before T2J24
 - ensure that T17J170 must be dispatched before T6J81
 - ensure that T15J148 must be dispatched before T4J48
 - ensure that T32J223 must be dispatched before T14J147
 - ensure that T24J199 must be dispatched before T8J98
 - ensure that T18J172 must be dispatched before T9J100
 - ensure that T1J12 must be dispatched before T10J108
 - ensure that T4J48 must be dispatched before T11J116
 - ensure that T20J180 must be dispatched before T12J124
 - ensure that T14J140 must be dispatched before T15J148
 - ensure that T5J60 must be dispatched before T16J156
 - ensure that T3J45 must be dispatched before T9J106
 - ensure that T17J164 must be dispatched before T18J172
 - ensure that T16J156 must be dispatched before T20J180
 - ensure that T0J1 must be dispatched before T23J192
 - ensure that T10J108 must be dispatched before T24J196
 - ensure that T13J132 must be dispatched before T25J200
 - ensure that T8J92 must be dispatched before T27J206
 - ensure that T27J206 must be dispatched before T28J209
 - ensure that T28J209 must be dispatched before T0J1
 - ensure that T0J10 must be dispatched before T10J114
 - ensure that T22J188 must be dispatched before T1J13
 - ensure that T14J147 must be dispatched before T15J155
 - ensure that T23J192 must be dispatched before T3J37
 - ensure that T7J85 must be dispatched before T4J49
 - ensure that T8J99 must be dispatched before T19J179
 - ensure that T1J21 must be dispatched before T14J146
 - ensure that T17J165 must be dispatched before T9J101
 - ensure that T1J13 must be dispatched before T17J165
 - ensure that T2J26 must be dispatched before T21J184
 - ensure that T4J49 must be dispatched before T22J188
 - ensure that T12J125 must be dispatched before T30J215
 - ensure that T4J50 must be dispatched before T34J227
 - ensure that T2J35 must be dispatched before T21J187
 - ensure that T10J115 must be dispatched before T29J214
 - ensure that T3J38 must be dispatched before T2J26
 - ensure that T13J133 must be dispatched before T3J38
 - ensure that T15J149 must be dispatched before T14J141
 - ensure that T0J3 must be dispatched before T32J221
 - ensure that T34J227 must be dispatched before T1J14
 - ensure that T10J109 must be dispatched before T4J50
 - ensure that T21J184 must be dispatched before T5J62
 - ensure that T5J62 must be dispatched before T6J74
 - ensure that T1J14 must be dispatched before T8J93
 - ensure that T6J74 must be dispatched before T10J109
 - ensure that T30J215 must be dispatched before T15J149
 - ensure that T8J93 must be dispatched before T19J176
 - ensure that T16J162 must be dispatched before T4J57
 - ensure that T5J69 must be dispatched before T17J170
 - ensure that T15J151 must be dispatched before T0J5
 - ensure that T34J229 must be dispatched before T18J175
 - ensure that T22J189 must be dispatched before T1J16
 - ensure that T9J102 must be dispatched before T2J27
 - ensure that T10J114 must be dispatched before T20J183
 - ensure that T13J135 must be dispatched before T2J29
 - ensure that T2J27 must be dispatched before T3J39
 - ensure that T8J94 must be dispatched before T3J40
 - ensure that T23J195 must be dispatched before T22J191
 - ensure that T16J158 must be dispatched before T4J51
 - ensure that T4J58 must be dispatched before T23J195
 - ensure that T20J183 must be dispatched before T24J199
 - ensure that T32J221 must be dispatched before T7J86
 - ensure that T23J193 must be dispatched before T7J87
 - ensure that T14J146 must be dispatched before T30J217
 - ensure that T11J123 must be dispatched before T32J223
 - ensure that T0J4 must be dispatched before T10J110
 - ensure that T13J138 must be dispatched before T34J229
 - ensure that T22J191 must be dispatched before T1J22
 - ensure that T7J91 must be dispatched before T4J58
 - ensure that T6J82 must be dispatched before T5J70
 - ensure that T33J226 must be dispatched before T6J82
 - ensure that T15J150 must be dispatched before T14J142
 - ensure that T25J201 must be dispatched before T14J143
 - ensure that T1J15 must be dispatched before T15J150
 - ensure that T18J173 must be dispatched before T16J158
 - ensure that T5J70 must be dispatched before T7J91
 - ensure that T1J22 must be dispatched before T9J107
 - ensure that T29J212 must be dispatched before T18J173
 - ensure that T26J203 must be dispatched before T20J181
 - ensure that T2J29 must be dispatched before T21J185
 - ensure that T4J52 must be dispatched before T22J189
 - ensure that T1J16 must be dispatched before T23J193
 - ensure that T10J110 must be dispatched before T24J197
 - ensure that T3J41 must be dispatched before T25J201
 - ensure that T14J142 must be dispatched before T26J203
 - ensure that T9J107 must be dispatched before T17J171
 - ensure that T6J75 must be dispatched before T31J218
 - ensure that T28J210 must be dispatched before T4J53
 - ensure that T21J185 must be dispatched before T5J65
 - ensure that T5J65 must be dispatched before T6J77
 - ensure that T1J17 must be dispatched before T8J95
 - ensure that T6J77 must be dispatched before T10J111
 - ensure that T8J95 must be dispatched before T19J177
 - ensure that T0J6 must be dispatched before T27J207
 - ensure that T10J111 must be dispatched before T28J210
 - ensure that T7J88 must be dispatched before T30J216
 - ensure that T20J182 must be dispatched before T0J7
 - ensure that T15J152 must be dispatched before T1J18
 - ensure that T30J216 must be dispatched before T2J30
 - ensure that T3J43 must be dispatched before T2J31
 - ensure that T2J34 must be dispatched before T33J226
 - ensure that T8J96 must be dispatched before T3J43
 - ensure that T12J128 must be dispatched before T4J54
 - ensure that T15J155 must be dispatched before T0J11
 - ensure that T27J207 must be dispatched before T7J88
 - ensure that T29J213 must be dispatched before T7J89
 - ensure that T0J7 must be dispatched before T8J96
 - ensure that T17J168 must be dispatched before T9J104
 - ensure that T33J225 must be dispatched before T10J112
 - ensure that T1J18 must be dispatched before T11J120
 - ensure that T13J139 must be dispatched before T2J35
 - ensure that T34J228 must be dispatched before T13J136
 - ensure that T29J214 must be dispatched before T4J59
 - ensure that T14J144 must be dispatched before T15J152
 - ensure that T6J78 must be dispatched before T17J168
 - ensure that T32J222 must be dispatched before T18J174
 - ensure that T24J198 must be dispatched before T20J182
 - ensure that T4J55 must be dispatched before T22J190
 - ensure that T9J105 must be dispatched before T23J194
 - ensure that T10J112 must be dispatched before T24J198
 - ensure that T6J79 must be dispatched before T31J219
 - ensure that T13J136 must be dispatched before T32J222
 - ensure that T18J174 must be dispatched before T33J225
 - ensure that T11J120 must be dispatched before T34J228
 - ensure that T11J121 must be dispatched before T0J8
 - ensure that T22J190 must be dispatched before T1J19
 - ensure that T14J145 must be dispatched before T2J32
 - ensure that T6J83 must be dispatched before T5J71
 - ensure that T7J89 must be dispatched before T4J55
 - ensure that T21J187 must be dispatched before T6J83
 - ensure that T17J169 must be dispatched before T9J105
 - ensure that T12J129 must be dispatched before T11J121
 - ensure that T16J161 must be dispatched before T12J129
 - ensure that T5J71 must be dispatched before T10J115
 - ensure that T3J47 must be dispatched before T31J220
 - ensure that T23J194 must be dispatched before T16J161
 - ensure that T26J204 must be dispatched before T17J169
 - ensure that T6J80 must be dispatched before T21J186
 - ensure that T10J113 must be dispatched before T25J202
 - ensure that T1J19 must be dispatched before T26J204
 - ensure that T25J202 must be dispatched before T4J56
 - ensure that T21J186 must be dispatched before T5J68
 - ensure that T13J137 must be dispatched before T6J80
 - ensure that T1J20 must be dispatched before T8J97
 - ensure that T5J68 must be dispatched before T10J113
 - ensure that T3J44 must be dispatched before T13J137
 - ensure that T27J208 must be dispatched before T19J178
 - ensure that T28J211 must be dispatched before T27J208
 - ensure that T8J97 must be dispatched before T28J211
 - ensure that T1J23 must be dispatched before T8J99
 - ensure that T31J220 must be dispatched before T13J139
 - ensure that T3J46 must be dispatched before T2J34
 - ensure that T7J90 must be dispatched before T3J45
 - ensure that T8J98 must be dispatched before T3J46
Reconfiguration took 44.2695 seconds (42.2013 CPU seconds) and consumed 57MB of memory
