The given problem seems to be unschedulable using our scheduler, and the rating of the root node is 0.004.
The problem passed the necessary load-based feasibility test.
The problem passed the necessary interval-based feasibility test.
Since the root node is unsafe, I will need to create a safe job ordering from scratch, which may take seconds or centuries...
You should press Control + C if you run out of patience!
 failed after 30 / 1488 jobs
 failed after 105 / 1488 jobs
 failed after 108 / 1488 jobs
 failed after 240 / 1488 jobs
 failed after 243 / 1488 jobs
 failed after 351 / 1488 jobs
 failed after 367 / 1488 jobs
 failed after 405 / 1488 jobs
 failed after 444 / 1488 jobs
 failed after 585 / 1488 jobs
 failed after 836 / 1488 jobs
 failed after 942 / 1488 jobs
 failed after 1056 / 1488 jobs
 failed after 1222 / 1488 jobs
 failed after 1341 / 1488 jobs
I found a safe job ordering!
Time to make cuts...
 increased #extra constraints to 29
