The given problem seems to be unschedulable using our scheduler, and the rating of the root node is 0.008.
The problem passed the necessary load-based feasibility test.
The problem passed the necessary interval-based feasibility test.
Since the root node is unsafe, I will need to create a safe job ordering from scratch, which may take seconds or centuries...
You should press Control + C if you run out of patience!
I found a safe job ordering!
Time to make cuts...
 increased #extra constraints to 25
 increased #extra constraints to 40
 increased #extra constraints to 44
 increased #extra constraints to 48
 increased #extra constraints to 53
 increased #extra constraints to 55
 increased #extra constraints to 58
 increased #extra constraints to 63
 increased #extra constraints to 95
 increased #extra constraints to 110
 increased #extra constraints to 114
 increased #extra constraints to 175
 increased #extra constraints to 179
 increased #extra constraints to 211
 increased #extra constraints to 238
238 dispatch ordering constraints were added, let's try to minimize that...
238 remain after transitivity analysis; let's minimize further using tail trial-and-error...
 reduced #extra constraints to 237
 reduced #extra constraints to 236
 reduced #extra constraints to 235
 reduced #extra constraints to 234
 reduced #extra constraints to 233
 reduced #extra constraints to 232
 reduced #extra constraints to 231
 reduced #extra constraints to 230
 reduced #extra constraints to 229
 reduced #extra constraints to 228
 reduced #extra constraints to 227
 reduced #extra constraints to 226
 reduced #extra constraints to 225
 reduced #extra constraints to 224
 reduced #extra constraints to 223
 reduced #extra constraints to 222
 reduced #extra constraints to 221
 reduced #extra constraints to 220
 reduced #extra constraints to 219
 reduced #extra constraints to 218
 reduced #extra constraints to 217
 reduced #extra constraints to 216
 reduced #extra constraints to 215
 reduced #extra constraints to 214
 reduced #extra constraints to 213
 reduced #extra constraints to 212
 reduced #extra constraints to 211
 reduced #extra constraints to 210
 reduced #extra constraints to 209
 reduced #extra constraints to 208
 reduced #extra constraints to 207
 reduced #extra constraints to 206
 reduced #extra constraints to 205
 reduced #extra constraints to 204
 reduced #extra constraints to 203
 reduced #extra constraints to 202
 reduced #extra constraints to 201
 reduced #extra constraints to 200
 reduced #extra constraints to 199
 reduced #extra constraints to 198
 reduced #extra constraints to 197
 reduced #extra constraints to 196
 reduced #extra constraints to 195
 reduced #extra constraints to 194
 reduced #extra constraints to 193
 reduced #extra constraints to 192
 reduced #extra constraints to 191
 reduced #extra constraints to 190
 reduced #extra constraints to 189
 reduced #extra constraints to 188
 reduced #extra constraints to 187
 reduced #extra constraints to 186
 reduced #extra constraints to 185
 reduced #extra constraints to 184
 reduced #extra constraints to 183
 reduced #extra constraints to 182
 reduced #extra constraints to 181
 reduced #extra constraints to 180
 reduced #extra constraints to 179
 reduced #extra constraints to 178
 reduced #extra constraints to 177
 reduced #extra constraints to 176
 reduced #extra constraints to 175
 reduced #extra constraints to 174
 reduced #extra constraints to 173
 reduced #extra constraints to 172
 reduced #extra constraints to 171
 reduced #extra constraints to 170
 reduced #extra constraints to 169
 reduced #extra constraints to 168
 reduced #extra constraints to 167
 reduced #extra constraints to 166
 reduced #extra constraints to 165
 reduced #extra constraints to 164
 reduced #extra constraints to 163
 reduced #extra constraints to 162
 reduced #extra constraints to 161
 reduced #extra constraints to 160
 reduced #extra constraints to 159
 reduced #extra constraints to 158
 reduced #extra constraints to 157
 reduced #extra constraints to 156
 reduced #extra constraints to 155
 reduced #extra constraints to 154
 reduced #extra constraints to 153
 reduced #extra constraints to 152
 reduced #extra constraints to 151
 reduced #extra constraints to 150
 reduced #extra constraints to 149
 reduced #extra constraints to 148
 reduced #extra constraints to 147
 reduced #extra constraints to 146
 reduced #extra constraints to 145
 reduced #extra constraints to 144
 reduced #extra constraints to 143
 reduced #extra constraints to 142
 reduced #extra constraints to 141
 reduced #extra constraints to 140
 reduced #extra constraints to 139
 reduced #extra constraints to 138
 reduced #extra constraints to 137
 reduced #extra constraints to 136
 reduced #extra constraints to 135
 reduced #extra constraints to 134
 reduced #extra constraints to 133
 reduced #extra constraints to 132
 reduced #extra constraints to 131
 reduced #extra constraints to 130
 reduced #extra constraints to 129
 reduced #extra constraints to 128
 reduced #extra constraints to 127
 reduced #extra constraints to 126
 reduced #extra constraints to 125
 reduced #extra constraints to 124
 reduced #extra constraints to 123
 reduced #extra constraints to 122
 reduced #extra constraints to 121
 reduced #extra constraints to 120
 reduced #extra constraints to 119
 reduced #extra constraints to 118
 reduced #extra constraints to 117
 reduced #extra constraints to 116
 reduced #extra constraints to 115
 reduced #extra constraints to 114
 reduced #extra constraints to 113
 reduced #extra constraints to 112
 reduced #extra constraints to 111
 reduced #extra constraints to 110
 reduced #extra constraints to 109
 reduced #extra constraints to 108
 reduced #extra constraints to 107
 reduced #extra constraints to 106
 reduced #extra constraints to 105
 reduced #extra constraints to 104
 reduced #extra constraints to 103
 reduced #extra constraints to 102
 reduced #extra constraints to 101
 reduced #extra constraints to 100
 reduced #extra constraints to 99
 reduced #extra constraints to 98
 reduced #extra constraints to 97
 reduced #extra constraints to 96
 reduced #extra constraints to 95
 reduced #extra constraints to 94
 reduced #extra constraints to 93
 reduced #extra constraints to 92
 reduced #extra constraints to 91
 reduced #extra constraints to 90
 reduced #extra constraints to 89
 reduced #extra constraints to 88
 reduced #extra constraints to 87
 reduced #extra constraints to 86
 reduced #extra constraints to 85
 reduced #extra constraints to 84
 reduced #extra constraints to 83
 reduced #extra constraints to 82
 reduced #extra constraints to 81
 reduced #extra constraints to 80
 reduced #extra constraints to 79
 reduced #extra constraints to 78
 reduced #extra constraints to 77
 reduced #extra constraints to 76
 reduced #extra constraints to 75
 reduced #extra constraints to 74
 reduced #extra constraints to 73
 reduced #extra constraints to 72
 reduced #extra constraints to 71
 reduced #extra constraints to 70
 reduced #extra constraints to 69
 reduced #extra constraints to 68
 reduced #extra constraints to 67
 reduced #extra constraints to 66
 reduced #extra constraints to 65
 reduced #extra constraints to 64
 reduced #extra constraints to 63
 reduced #extra constraints to 62
 reduced #extra constraints to 61
 reduced #extra constraints to 60
 reduced #extra constraints to 59
 reduced #extra constraints to 58
 reduced #extra constraints to 57
 reduced #extra constraints to 56
 reduced #extra constraints to 55
 reduced #extra constraints to 54
 reduced #extra constraints to 53
 reduced #extra constraints to 52
 reduced #extra constraints to 51
 reduced #extra constraints to 50
 reduced #extra constraints to 49
 reduced #extra constraints to 48
 reduced #extra constraints to 47
 reduced #extra constraints to 46
 reduced #extra constraints to 45
 reduced #extra constraints to 44
 reduced #extra constraints to 43
 reduced #extra constraints to 42
 reduced #extra constraints to 41
 reduced #extra constraints to 40
 reduced #extra constraints to 39
 reduced #extra constraints to 38
 reduced #extra constraints to 37
 reduced #extra constraints to 36
 reduced #extra constraints to 35
 reduced #extra constraints to 34
 reduced #extra constraints to 33
 reduced #extra constraints to 32
 reduced #extra constraints to 31
 reduced #extra constraints to 30
 reduced #extra constraints to 29
 reduced #extra constraints to 28
 reduced #extra constraints to 27
 reduced #extra constraints to 26
 reduced #extra constraints to 25
 reduced #extra constraints to 24
 reduced #extra constraints to 23
 reduced #extra constraints to 22
 reduced #extra constraints to 21
 reduced #extra constraints to 20
 reduced #extra constraints to 19
 reduced #extra constraints to 18
 reduced #extra constraints to 17
 reduced #extra constraints to 16
 reduced #extra constraints to 15
 reduced #extra constraints to 14
 reduced #extra constraints to 13
 reduced #extra constraints to 12
12 remain after trial & error.
The given problem seems to be unschedulable (using our scheduler), but you can make it certainly schedulable by adding all the following dispatch ordering constraints:
 - ensure that T5J88 must be dispatched before T11J170
 - ensure that T1J25 must be dispatched before T8J135
 - ensure that T11J167 must be dispatched before T34J374
 - ensure that T7J116 must be dispatched before T8J131
 - ensure that T17J246 must be dispatched before T32J370
 - ensure that T10J155 must be dispatched before T2J36
 - ensure that T15J215 must be dispatched before T35J377
 - ensure that T12J183 must be dispatched before T0J10
 - ensure that T0J11 must be dispatched before T13J196
 - ensure that T17J242 must be dispatched before T32J369
 - ensure that T11J175 must be dispatched before T34J376
 - ensure that T9J146 must be dispatched before T28J340
Reconfiguration took 170.207 seconds (156.206 CPU seconds) and consumed 56MB of memory
