The given problem seems to be unschedulable using our scheduler, and the rating of the root node is 0.
The problem passed the necessary load-based feasibility test.
The problem passed the necessary interval-based feasibility test.
Since the rating of the root node is 0, I will need to create a safe job ordering from scratch, which may take seconds or centuries...
You should press Control + C if you run out of patience!
 failed after 39 / 601 jobs
 failed after 166 / 601 jobs
 failed after 227 / 601 jobs
 failed after 233 / 601 jobs
 failed after 298 / 601 jobs
 failed after 306 / 601 jobs
 failed after 351 / 601 jobs
 failed after 401 / 601 jobs
 failed after 407 / 601 jobs
 failed after 463 / 601 jobs
 failed after 464 / 601 jobs
 failed after 475 / 601 jobs
 failed after 597 / 601 jobs
I found a safe job ordering!
Time to make cuts...
