The given problem seems to be unschedulable using our scheduler, and the rating of the root node is 0.
The problem passed the necessary load-based feasibility test.
The problem passed the necessary interval-based feasibility test.
Since the rating of the root node is 0, I will need to create a safe job ordering from scratch, which may take seconds or centuries...
You should press Control + C if you run out of patience!
 failed after 61 / 738 jobs
 failed after 70 / 738 jobs
 failed after 173 / 738 jobs
 failed after 182 / 738 jobs
 failed after 315 / 738 jobs
 failed after 388 / 738 jobs
 failed after 392 / 738 jobs
 failed after 400 / 738 jobs
 failed after 505 / 738 jobs
 failed after 680 / 738 jobs
 failed after 699 / 738 jobs
 failed after 702 / 738 jobs
 failed after 703 / 738 jobs
 failed after 709 / 738 jobs
I found a safe job ordering!
Time to make cuts...
 increased #extra constraints to 24
 increased #extra constraints to 31
 increased #extra constraints to 45
 increased #extra constraints to 61
 increased #extra constraints to 75
 increased #extra constraints to 100
 increased #extra constraints to 104
 increased #extra constraints to 106
 increased #extra constraints to 127
 increased #extra constraints to 128
 increased #extra constraints to 141
 increased #extra constraints to 155
 increased #extra constraints to 166
 increased #extra constraints to 190
 increased #extra constraints to 191
 increased #extra constraints to 204
 increased #extra constraints to 212
 increased #extra constraints to 222
 increased #extra constraints to 234
 increased #extra constraints to 259
 increased #extra constraints to 261
 increased #extra constraints to 286
 increased #extra constraints to 287
 increased #extra constraints to 299
 increased #extra constraints to 310
 increased #extra constraints to 328
 increased #extra constraints to 343
 increased #extra constraints to 375
 increased #extra constraints to 388
 increased #extra constraints to 399
 increased #extra constraints to 424
 increased #extra constraints to 426
 increased #extra constraints to 437
 increased #extra constraints to 476
 increased #extra constraints to 499
 increased #extra constraints to 500
 increased #extra constraints to 518
 increased #extra constraints to 530
 increased #extra constraints to 532
 increased #extra constraints to 542
542 dispatch ordering constraints were added, let's try to minimize that...
542 remain after transitivity analysis; let's minimize further using tail trial-and-error...
 reduced #extra constraints to 541
 reduced #extra constraints to 540
 reduced #extra constraints to 539
 reduced #extra constraints to 538
 reduced #extra constraints to 537
 reduced #extra constraints to 536
 reduced #extra constraints to 535
 reduced #extra constraints to 534
 reduced #extra constraints to 533
 reduced #extra constraints to 532
 reduced #extra constraints to 531
 reduced #extra constraints to 530
 reduced #extra constraints to 529
 reduced #extra constraints to 528
 reduced #extra constraints to 527
 reduced #extra constraints to 526
 reduced #extra constraints to 525
 reduced #extra constraints to 524
 reduced #extra constraints to 523
 reduced #extra constraints to 522
 reduced #extra constraints to 521
 reduced #extra constraints to 520
 reduced #extra constraints to 519
 reduced #extra constraints to 518
 reduced #extra constraints to 517
 reduced #extra constraints to 516
 reduced #extra constraints to 515
 reduced #extra constraints to 514
 reduced #extra constraints to 513
 reduced #extra constraints to 512
 reduced #extra constraints to 511
 reduced #extra constraints to 510
 reduced #extra constraints to 509
 reduced #extra constraints to 508
 reduced #extra constraints to 507
 reduced #extra constraints to 506
 reduced #extra constraints to 505
 reduced #extra constraints to 504
 reduced #extra constraints to 503
 reduced #extra constraints to 502
 reduced #extra constraints to 501
 reduced #extra constraints to 500
 reduced #extra constraints to 499
 reduced #extra constraints to 498
 reduced #extra constraints to 497
 reduced #extra constraints to 496
 reduced #extra constraints to 495
 reduced #extra constraints to 494
 reduced #extra constraints to 493
 reduced #extra constraints to 492
 reduced #extra constraints to 491
 reduced #extra constraints to 490
 reduced #extra constraints to 489
 reduced #extra constraints to 488
 reduced #extra constraints to 487
 reduced #extra constraints to 486
 reduced #extra constraints to 485
 reduced #extra constraints to 484
 reduced #extra constraints to 483
 reduced #extra constraints to 482
 reduced #extra constraints to 481
 reduced #extra constraints to 480
 reduced #extra constraints to 479
 reduced #extra constraints to 478
 reduced #extra constraints to 477
 reduced #extra constraints to 476
 reduced #extra constraints to 475
 reduced #extra constraints to 474
 reduced #extra constraints to 473
 reduced #extra constraints to 472
 reduced #extra constraints to 471
 reduced #extra constraints to 470
 reduced #extra constraints to 469
 reduced #extra constraints to 468
 reduced #extra constraints to 467
 reduced #extra constraints to 466
 reduced #extra constraints to 465
 reduced #extra constraints to 464
 reduced #extra constraints to 463
 reduced #extra constraints to 462
 reduced #extra constraints to 461
 reduced #extra constraints to 460
 reduced #extra constraints to 459
 reduced #extra constraints to 458
 reduced #extra constraints to 457
 reduced #extra constraints to 456
 reduced #extra constraints to 455
 reduced #extra constraints to 454
 reduced #extra constraints to 453
 reduced #extra constraints to 452
 reduced #extra constraints to 451
 reduced #extra constraints to 450
 reduced #extra constraints to 449
 reduced #extra constraints to 448
 reduced #extra constraints to 447
 reduced #extra constraints to 446
 reduced #extra constraints to 445
 reduced #extra constraints to 444
 reduced #extra constraints to 443
 reduced #extra constraints to 442
 reduced #extra constraints to 441
 reduced #extra constraints to 440
 reduced #extra constraints to 439
 reduced #extra constraints to 438
 reduced #extra constraints to 437
 reduced #extra constraints to 436
 reduced #extra constraints to 435
 reduced #extra constraints to 434
 reduced #extra constraints to 433
 reduced #extra constraints to 432
 reduced #extra constraints to 431
 reduced #extra constraints to 430
 reduced #extra constraints to 429
 reduced #extra constraints to 428
 reduced #extra constraints to 427
 reduced #extra constraints to 426
 reduced #extra constraints to 425
 reduced #extra constraints to 424
 reduced #extra constraints to 423
 reduced #extra constraints to 422
 reduced #extra constraints to 421
 reduced #extra constraints to 420
 reduced #extra constraints to 419
 reduced #extra constraints to 418
 reduced #extra constraints to 417
 reduced #extra constraints to 416
 reduced #extra constraints to 415
 reduced #extra constraints to 414
 reduced #extra constraints to 413
 reduced #extra constraints to 412
 reduced #extra constraints to 411
 reduced #extra constraints to 410
 reduced #extra constraints to 409
 reduced #extra constraints to 408
 reduced #extra constraints to 407
 reduced #extra constraints to 406
 reduced #extra constraints to 405
 reduced #extra constraints to 404
 reduced #extra constraints to 403
 reduced #extra constraints to 402
 reduced #extra constraints to 401
 reduced #extra constraints to 400
 reduced #extra constraints to 399
 reduced #extra constraints to 398
 reduced #extra constraints to 397
 reduced #extra constraints to 396
 reduced #extra constraints to 395
 reduced #extra constraints to 394
 reduced #extra constraints to 393
 reduced #extra constraints to 392
 reduced #extra constraints to 391
 reduced #extra constraints to 390
 reduced #extra constraints to 389
 reduced #extra constraints to 388
 reduced #extra constraints to 387
 reduced #extra constraints to 386
 reduced #extra constraints to 385
 reduced #extra constraints to 384
 reduced #extra constraints to 383
 reduced #extra constraints to 382
 reduced #extra constraints to 381
 reduced #extra constraints to 380
 reduced #extra constraints to 379
 reduced #extra constraints to 378
 reduced #extra constraints to 377
 reduced #extra constraints to 376
 reduced #extra constraints to 375
 reduced #extra constraints to 374
 reduced #extra constraints to 373
 reduced #extra constraints to 372
 reduced #extra constraints to 371
 reduced #extra constraints to 370
 reduced #extra constraints to 369
 reduced #extra constraints to 368
 reduced #extra constraints to 367
 reduced #extra constraints to 366
 reduced #extra constraints to 365
 reduced #extra constraints to 364
 reduced #extra constraints to 363
 reduced #extra constraints to 362
 reduced #extra constraints to 361
 reduced #extra constraints to 360
 reduced #extra constraints to 359
 reduced #extra constraints to 358
 reduced #extra constraints to 357
 reduced #extra constraints to 356
 reduced #extra constraints to 355
 reduced #extra constraints to 354
 reduced #extra constraints to 353
 reduced #extra constraints to 352
 reduced #extra constraints to 351
 reduced #extra constraints to 350
 reduced #extra constraints to 349
 reduced #extra constraints to 348
 reduced #extra constraints to 347
 reduced #extra constraints to 346
 reduced #extra constraints to 345
 reduced #extra constraints to 344
 reduced #extra constraints to 343
 reduced #extra constraints to 342
 reduced #extra constraints to 341
 reduced #extra constraints to 340
 reduced #extra constraints to 339
 reduced #extra constraints to 338
 reduced #extra constraints to 337
 reduced #extra constraints to 336
 reduced #extra constraints to 335
 reduced #extra constraints to 334
 reduced #extra constraints to 333
 reduced #extra constraints to 332
 reduced #extra constraints to 331
 reduced #extra constraints to 330
 reduced #extra constraints to 329
 reduced #extra constraints to 328
 reduced #extra constraints to 327
 reduced #extra constraints to 326
 reduced #extra constraints to 325
 reduced #extra constraints to 324
 reduced #extra constraints to 323
 reduced #extra constraints to 322
 reduced #extra constraints to 321
 reduced #extra constraints to 320
 reduced #extra constraints to 319
 reduced #extra constraints to 318
 reduced #extra constraints to 317
 reduced #extra constraints to 316
 reduced #extra constraints to 315
 reduced #extra constraints to 314
 reduced #extra constraints to 313
 reduced #extra constraints to 312
 reduced #extra constraints to 311
 reduced #extra constraints to 310
 reduced #extra constraints to 309
 reduced #extra constraints to 308
 reduced #extra constraints to 307
 reduced #extra constraints to 306
 reduced #extra constraints to 305
 reduced #extra constraints to 304
 reduced #extra constraints to 303
 reduced #extra constraints to 302
 reduced #extra constraints to 301
 reduced #extra constraints to 300
 reduced #extra constraints to 299
 reduced #extra constraints to 298
 reduced #extra constraints to 297
 reduced #extra constraints to 296
 reduced #extra constraints to 295
 reduced #extra constraints to 294
 reduced #extra constraints to 293
 reduced #extra constraints to 292
 reduced #extra constraints to 291
 reduced #extra constraints to 290
 reduced #extra constraints to 289
 reduced #extra constraints to 288
 reduced #extra constraints to 287
 reduced #extra constraints to 286
 reduced #extra constraints to 285
 reduced #extra constraints to 284
 reduced #extra constraints to 283
 reduced #extra constraints to 282
 reduced #extra constraints to 281
 reduced #extra constraints to 280
 reduced #extra constraints to 279
 reduced #extra constraints to 278
 reduced #extra constraints to 277
 reduced #extra constraints to 276
 reduced #extra constraints to 275
 reduced #extra constraints to 274
 reduced #extra constraints to 273
 reduced #extra constraints to 272
 reduced #extra constraints to 271
 reduced #extra constraints to 270
 reduced #extra constraints to 269
 reduced #extra constraints to 268
 reduced #extra constraints to 267
 reduced #extra constraints to 266
 reduced #extra constraints to 265
 reduced #extra constraints to 264
 reduced #extra constraints to 263
 reduced #extra constraints to 262
 reduced #extra constraints to 261
 reduced #extra constraints to 260
 reduced #extra constraints to 259
 reduced #extra constraints to 258
 reduced #extra constraints to 257
 reduced #extra constraints to 256
 reduced #extra constraints to 255
 reduced #extra constraints to 254
 reduced #extra constraints to 253
 reduced #extra constraints to 252
 reduced #extra constraints to 251
 reduced #extra constraints to 250
 reduced #extra constraints to 249
 reduced #extra constraints to 248
 reduced #extra constraints to 247
 reduced #extra constraints to 246
 reduced #extra constraints to 245
 reduced #extra constraints to 244
 reduced #extra constraints to 243
 reduced #extra constraints to 242
 reduced #extra constraints to 241
 reduced #extra constraints to 240
 reduced #extra constraints to 239
 reduced #extra constraints to 238
 reduced #extra constraints to 237
 reduced #extra constraints to 236
 reduced #extra constraints to 235
 reduced #extra constraints to 234
 reduced #extra constraints to 233
 reduced #extra constraints to 232
 reduced #extra constraints to 231
 reduced #extra constraints to 230
 reduced #extra constraints to 229
 reduced #extra constraints to 228
 reduced #extra constraints to 227
 reduced #extra constraints to 226
 reduced #extra constraints to 225
 reduced #extra constraints to 224
 reduced #extra constraints to 223
 reduced #extra constraints to 222
 reduced #extra constraints to 221
 reduced #extra constraints to 220
 reduced #extra constraints to 219
 reduced #extra constraints to 218
 reduced #extra constraints to 217
 reduced #extra constraints to 216
 reduced #extra constraints to 215
 reduced #extra constraints to 214
 reduced #extra constraints to 213
 reduced #extra constraints to 212
 reduced #extra constraints to 211
 reduced #extra constraints to 210
 reduced #extra constraints to 209
 reduced #extra constraints to 208
 reduced #extra constraints to 207
 reduced #extra constraints to 206
 reduced #extra constraints to 205
 reduced #extra constraints to 204
 reduced #extra constraints to 203
 reduced #extra constraints to 202
 reduced #extra constraints to 201
 reduced #extra constraints to 200
 reduced #extra constraints to 199
 reduced #extra constraints to 198
 reduced #extra constraints to 197
 reduced #extra constraints to 196
 reduced #extra constraints to 195
 reduced #extra constraints to 194
 reduced #extra constraints to 193
 reduced #extra constraints to 192
 reduced #extra constraints to 191
 reduced #extra constraints to 190
 reduced #extra constraints to 189
 reduced #extra constraints to 188
 reduced #extra constraints to 187
 reduced #extra constraints to 186
 reduced #extra constraints to 185
 reduced #extra constraints to 184
 reduced #extra constraints to 183
 reduced #extra constraints to 182
 reduced #extra constraints to 181
 reduced #extra constraints to 180
 reduced #extra constraints to 179
 reduced #extra constraints to 178
 reduced #extra constraints to 177
 reduced #extra constraints to 176
 reduced #extra constraints to 175
 reduced #extra constraints to 174
 reduced #extra constraints to 173
 reduced #extra constraints to 172
 reduced #extra constraints to 171
 reduced #extra constraints to 170
 reduced #extra constraints to 169
 reduced #extra constraints to 168
 reduced #extra constraints to 167
 reduced #extra constraints to 166
 reduced #extra constraints to 165
 reduced #extra constraints to 164
 reduced #extra constraints to 163
163 remain after trial & error.
The given problem seems to be unschedulable (using our scheduler), but you can make it certainly schedulable by adding all the following dispatch ordering constraints:
 - ensure that T22J684 must be dispatched before T2J118
 - ensure that T1J67 must be dispatched before T28J723
 - ensure that T3J155 must be dispatched before T12J533
 - ensure that T7J335 must be dispatched before T18J657
 - ensure that T3J167 must be dispatched before T12J545
 - ensure that T0J15 must be dispatched before T17J646
 - ensure that T28J724 must be dispatched before T11J495
 - ensure that T4J207 must be dispatched before T19J664
 - ensure that T10J458 must be dispatched before T1J80
 - ensure that T24J695 must be dispatched before T3J141
 - ensure that T14J610 must be dispatched before T6J274
 - ensure that T2J124 must be dispatched before T21J678
 - ensure that T17J646 must be dispatched before T7J309
 - ensure that T7J309 must be dispatched before T8J351
 - ensure that T0J40 must be dispatched before T22J685
 - ensure that T1J80 must be dispatched before T9J416
 - ensure that T8J369 must be dispatched before T28J724
 - ensure that T9J417 must be dispatched before T24J699
 - ensure that T1J43 must be dispatched before T17J644
 - ensure that T30J732 must be dispatched before T19J658
 - ensure that T8J338 must be dispatched before T26J707
 - ensure that T1J57 must be dispatched before T19J660
 - ensure that T6J256 must be dispatched before T29J726
 - ensure that T7J296 must be dispatched before T30J732
 - ensure that T19J658 must be dispatched before T2J86
 - ensure that T9J394 must be dispatched before T29J728
 - ensure that T0J16 must be dispatched before T30J734
 - ensure that T12J542 must be dispatched before T10J458
 - ensure that T7J310 must be dispatched before T2J100
 - ensure that T23J688 must be dispatched before T7J310
 - ensure that T13J549 must be dispatched before T25J700
 - ensure that T9J381 must be dispatched before T1J45
 - ensure that T5J226 must be dispatched before T8J352
 - ensure that T4J184 must be dispatched before T21J674
 - ensure that T30J734 must be dispatched before T22J681
 - ensure that T9J393 must be dispatched before T24J695
 - ensure that T6J255 must be dispatched before T8J339
 - ensure that T3J141 must be dispatched before T25J702
 - ensure that T25J700 must be dispatched before T12J507
 - ensure that T12J520 must be dispatched before T3J142
 - ensure that T24J693 must be dispatched before T13J549
 - ensure that T11J496 must be dispatched before T7J328
 - ensure that T4J206 must be dispatched before T11J500
 - ensure that T23J686 must be dispatched before T22J679
 - ensure that T14J591 must be dispatched before T24J693
 - ensure that T20J667 must be dispatched before T9J394
 - ensure that T12J508 must be dispatched before T1J46
 - ensure that T1J58 must be dispatched before T10J436
 - ensure that T29J726 must be dispatched before T3J130
 - ensure that T22J685 must be dispatched before T23J692
 - ensure that T3J150 must be dispatched before T15J634
 - ensure that T22J679 must be dispatched before T7J298
 - ensure that T4J172 must be dispatched before T8J340
 - ensure that T1J46 must be dispatched before T9J382
 - ensure that T13J550 must be dispatched before T10J424
 - ensure that T3J130 must be dispatched before T11J466
 - ensure that T7J311 must be dispatched before T18J653
 - ensure that T1J68 must be dispatched before T17J648
 - ensure that T9J382 must be dispatched before T20J665
 - ensure that T0J4 must be dispatched before T23J686
 - ensure that T5J215 must be dispatched before T28J720
 - ensure that T22J681 must be dispatched before T23J688
 - ensure that T10J460 must be dispatched before T3J166
 - ensure that T28J720 must be dispatched before T3J131
 - ensure that T18J653 must be dispatched before T2J101
 - ensure that T8J362 must be dispatched before T0J26
 - ensure that T18J651 must be dispatched before T7J299
 - ensure that T3J131 must be dispatched before T8J341
 - ensure that T24J697 must be dispatched before T0J27
 - ensure that T22J682 must be dispatched before T7J316
 - ensure that T16J639 must be dispatched before T8J353
 - ensure that T4J190 must be dispatched before T8J358
 - ensure that T16J637 must be dispatched before T14J593
 - ensure that T11J467 must be dispatched before T16J637
 - ensure that T6J292 must be dispatched before T4J208
 - ensure that T2J118 must be dispatched before T11J496
 - ensure that T28J725 must be dispatched before T12J544
 - ensure that T16J641 must be dispatched before T5J239
 - ensure that T12J511 must be dispatched before T2J91
 - ensure that T26J708 must be dispatched before T3J133
 - ensure that T17J647 must be dispatched before T28J722
 - ensure that T5J217 must be dispatched before T4J175
 - ensure that T28J723 must be dispatched before T8J362
 - ensure that T26J713 must be dispatched before T17J650
 - ensure that T4J208 must be dispatched before T28J725
 - ensure that T28J722 must be dispatched before T3J145
 - ensure that T3J157 must be dispatched before T10J451
 - ensure that T0J7 must be dispatched before T8J343
 - ensure that T9J397 must be dispatched before T4J187
 - ensure that T5J237 must be dispatched before T11J489
 - ensure that T4J187 must be dispatched before T5J229
 - ensure that T9J416 must be dispatched before T26J713
 - ensure that T5J229 must be dispatched before T6J271
 - ensure that T14J615 must be dispatched before T19J662
 - ensure that T10J459 must be dispatched before T1J81
 - ensure that T5J250 must be dispatched before T6J292
 - ensure that T10J448 must be dispatched before T1J70
 - ensure that T1J49 must be dispatched before T17J645
 - ensure that T4J175 must be dispatched before T26J708
 - ensure that T7J328 must be dispatched before T21J677
 - ensure that T23J690 must be dispatched before T2J112
 - ensure that T10J428 must be dispatched before T19J659
 - ensure that T2J95 must be dispatched before T29J727
 - ensure that T3J134 must be dispatched before T30J733
 - ensure that T19J662 must be dispatched before T3J153
 - ensure that T13J555 must be dispatched before T25J701
 - ensure that T10J457 must be dispatched before T15J636
 - ensure that T16J643 must be dispatched before T2J125
 - ensure that T9J412 must be dispatched before T18J656
 - ensure that T25J701 must be dispatched before T2J93
 - ensure that T9J409 must be dispatched before T17J649
 - ensure that T6J285 must be dispatched before T19J663
 - ensure that T6J271 must be dispatched before T17J647
 - ensure that T13J566 must be dispatched before T19J661
 - ensure that T1J61 must be dispatched before T26J710
 - ensure that T1J74 must be dispatched before T26J712
 - ensure that T22J683 must be dispatched before T7J322
 - ensure that T7J322 must be dispatched before T8J364
 - ensure that T1J69 must be dispatched before T9J405
 - ensure that T2J107 must be dispatched before T18J654
 - ensure that T3J135 must be dispatched before T10J429
 - ensure that T1J70 must be dispatched before T9J406
 - ensure that T6J274 must be dispatched before T20J668
 - ensure that T3J154 must be dispatched before T10J448
 - ensure that T2J112 must be dispatched before T11J490
 - ensure that T4J177 must be dispatched before T21J673
 - ensure that T7J304 must be dispatched before T22J680
 - ensure that T10J429 must be dispatched before T23J687
 - ensure that T7J327 must be dispatched before T24J698
 - ensure that T11J472 must be dispatched before T4J178
 - ensure that T22J680 must be dispatched before T5J220
 - ensure that T14J598 must be dispatched before T6J262
 - ensure that T12J544 must be dispatched before T10J460
 - ensure that T12J537 must be dispatched before T0J33
 - ensure that T13J556 must be dispatched before T10J430
 - ensure that T5J220 must be dispatched before T11J472
 - ensure that T0J34 must be dispatched before T23J691
 - ensure that T7J323 must be dispatched before T18J655
 - ensure that T12J527 must be dispatched before T3J149
 - ensure that T0J11 must be dispatched before T18J652
 - ensure that T12J532 must be dispatched before T20J669
 - ensure that T23J691 must be dispatched before T22J684
 - ensure that T8J347 must be dispatched before T2J95
 - ensure that T19J664 must be dispatched before T8J375
 - ensure that T0J28 must be dispatched before T22J683
 - ensure that T1J77 must be dispatched before T27J719
 - ensure that T29J727 must be dispatched before T7J305
 - ensure that T18J652 must be dispatched before T8J347
 - ensure that T10J447 must be dispatched before T24J697
 - ensure that T16J638 must be dispatched before T11J473
 - ensure that T4J197 must be dispatched before T11J491
 - ensure that T1J62 must be dispatched before T13J566
 - ensure that T3J163 must be dispatched before T29J731
 - ensure that T18J654 must be dispatched before T8J359
 - ensure that T6J264 must be dispatched before T28J721
 - ensure that T12J516 must be dispatched before T2J96
 - ensure that T9J407 must be dispatched before T29J730
 - ensure that T2J106 must be dispatched before T22J682
 - ensure that T13J575 must be dispatched before T30J736
 - ensure that T9J400 must be dispatched before T29J729
 - ensure that T1J64 must be dispatched before T30J735
 - ensure that T23J692 must be dispatched before T7J334
 - ensure that T18J655 must be dispatched before T2J113
Reconfiguration took 95.451 seconds (91.9274 CPU seconds) and consumed 57MB of memory
