The given problem seems to be unschedulable using our scheduler, and the rating of the root node is 0.
The problem passed the necessary load-based feasibility test.
The problem passed the necessary interval-based feasibility test.
Since the rating of the root node is 0, I will need to create a safe job ordering from scratch, which may take seconds or centuries...
You should press Control + C if you run out of patience!
 failed after 27 / 180 jobs
 failed after 72 / 180 jobs
 failed after 73 / 180 jobs
 failed after 89 / 180 jobs
 failed after 93 / 180 jobs
 failed after 108 / 180 jobs
 failed after 109 / 180 jobs
 failed after 111 / 180 jobs
 failed after 114 / 180 jobs
 failed after 153 / 180 jobs
 failed after 154 / 180 jobs
 failed after 155 / 180 jobs
 failed after 167 / 180 jobs
 failed after 174 / 180 jobs
I found a safe job ordering!
Time to make cuts...
 increased #extra constraints to 16
 increased #extra constraints to 29
 increased #extra constraints to 43
 increased #extra constraints to 48
 increased #extra constraints to 63
 increased #extra constraints to 68
 increased #extra constraints to 77
 increased #extra constraints to 91
 increased #extra constraints to 124
 increased #extra constraints to 133
133 dispatch ordering constraints were added, let's try to minimize that...
133 remain after transitivity analysis; let's minimize further using tail trial-and-error...
 reduced #extra constraints to 132
 reduced #extra constraints to 131
 reduced #extra constraints to 130
 reduced #extra constraints to 129
 reduced #extra constraints to 128
 reduced #extra constraints to 127
 reduced #extra constraints to 126
 reduced #extra constraints to 125
 reduced #extra constraints to 124
 reduced #extra constraints to 123
 reduced #extra constraints to 122
 reduced #extra constraints to 121
 reduced #extra constraints to 120
 reduced #extra constraints to 119
 reduced #extra constraints to 118
 reduced #extra constraints to 117
 reduced #extra constraints to 116
 reduced #extra constraints to 115
 reduced #extra constraints to 114
 reduced #extra constraints to 113
 reduced #extra constraints to 112
 reduced #extra constraints to 111
 reduced #extra constraints to 110
 reduced #extra constraints to 109
 reduced #extra constraints to 108
 reduced #extra constraints to 107
 reduced #extra constraints to 106
 reduced #extra constraints to 105
 reduced #extra constraints to 104
 reduced #extra constraints to 103
 reduced #extra constraints to 102
 reduced #extra constraints to 101
 reduced #extra constraints to 100
 reduced #extra constraints to 99
 reduced #extra constraints to 98
98 remain after trial & error.
The given problem seems to be unschedulable (using our scheduler), but you can make it certainly schedulable by adding all the following dispatch ordering constraints:
 - ensure that T16J144 must be dispatched before T1J9
 - ensure that T0J7 must be dispatched before T4J43
 - ensure that T8J78 must be dispatched before T6J60
 - ensure that T30J174 must be dispatched before T7J69
 - ensure that T3J27 must be dispatched before T6J54
 - ensure that T2J25 must be dispatched before T7J70
 - ensure that T7J69 must be dispatched before T8J78
 - ensure that T1J9 must be dispatched before T12J108
 - ensure that T7J70 must be dispatched before T8J79
 - ensure that T0J8 must be dispatched before T4J44
 - ensure that T15J135 must be dispatched before T16J144
 - ensure that T11J99 must be dispatched before T18J150
 - ensure that T22J162 must be dispatched before T19J153
 - ensure that T18J150 must be dispatched before T20J156
 - ensure that T4J37 must be dispatched before T23J165
 - ensure that T5J45 must be dispatched before T24J168
 - ensure that T10J91 must be dispatched before T1J10
 - ensure that T8J73 must be dispatched before T2J19
 - ensure that T15J141 must be dispatched before T10J96
 - ensure that T0J1 must be dispatched before T4J37
 - ensure that T2J19 must be dispatched before T6J55
 - ensure that T23J165 must be dispatched before T7J64
 - ensure that T7J64 must be dispatched before T8J73
 - ensure that T22J164 must be dispatched before T10J97
 - ensure that T1J10 must be dispatched before T15J136
 - ensure that T5J46 must be dispatched before T21J159
 - ensure that T34J178 must be dispatched before T26J170
 - ensure that T21J159 must be dispatched before T34J178
 - ensure that T11J100 must be dispatched before T35J179
 - ensure that T6J56 must be dispatched before T1J11
 - ensure that T3J29 must be dispatched before T2J20
 - ensure that T8J74 must be dispatched before T3J29
 - ensure that T0J2 must be dispatched before T4J38
 - ensure that T17J147 must be dispatched before T6J56
 - ensure that T16J146 must be dispatched before T11J105
 - ensure that T35J179 must be dispatched before T9J82
 - ensure that T15J137 must be dispatched before T10J92
 - ensure that T2J26 must be dispatched before T6J62
 - ensure that T1J15 must be dispatched before T12J114
 - ensure that T27J171 must be dispatched before T13J124
 - ensure that T1J11 must be dispatched before T15J137
 - ensure that T2J20 must be dispatched before T17J147
 - ensure that T9J83 must be dispatched before T28J172
 - ensure that T29J173 must be dispatched before T12J110
 - ensure that T1J17 must be dispatched before T7J71
 - ensure that T3J35 must be dispatched before T10J98
 - ensure that T10J92 must be dispatched before T29J173
 - ensure that T21J160 must be dispatched before T31J175
 - ensure that T12J111 must be dispatched before T1J12
 - ensure that T8J75 must be dispatched before T2J21
 - ensure that T10J98 must be dispatched before T17J149
 - ensure that T0J3 must be dispatched before T4J39
 - ensure that T3J33 must be dispatched before T15J141
 - ensure that T3J30 must be dispatched before T6J57
 - ensure that T1J16 must be dispatched before T15J142
 - ensure that T12J114 must be dispatched before T16J146
 - ensure that T14J129 must be dispatched before T12J111
 - ensure that T16J145 must be dispatched before T14J129
 - ensure that T13J120 must be dispatched before T16J145
 - ensure that T11J102 must be dispatched before T18J151
 - ensure that T5J48 must be dispatched before T19J154
 - ensure that T33J177 must be dispatched before T20J157
 - ensure that T1J12 must be dispatched before T32J176
 - ensure that T22J163 must be dispatched before T5J48
 - ensure that T11J105 must be dispatched before T18J152
 - ensure that T32J176 must be dispatched before T11J102
 - ensure that T3J31 must be dispatched before T23J166
 - ensure that T9J84 must be dispatched before T33J177
 - ensure that T15J139 must be dispatched before T1J13
 - ensure that T8J76 must be dispatched before T2J22
 - ensure that T6J58 must be dispatched before T3J31
 - ensure that T0J4 must be dispatched before T4J40
 - ensure that T2J22 must be dispatched before T6J58
 - ensure that T23J166 must be dispatched before T7J67
 - ensure that T7J67 must be dispatched before T10J94
 - ensure that T20J158 must be dispatched before T19J155
 - ensure that T5J49 must be dispatched before T21J160
 - ensure that T17J148 must be dispatched before T1J14
 - ensure that T6J59 must be dispatched before T2J23
 - ensure that T5J51 must be dispatched before T20J158
 - ensure that T0J5 must be dispatched before T4J41
 - ensure that T7J68 must be dispatched before T6J59
 - ensure that T2J23 must be dispatched before T8J77
 - ensure that T5J52 must be dispatched before T21J161
 - ensure that T1J13 must be dispatched before T12J112
 - ensure that T15J142 must be dispatched before T22J164
 - ensure that T6J62 must be dispatched before T25J169
 - ensure that T12J115 must be dispatched before T27J171
 - ensure that T1J14 must be dispatched before T15J140
 - ensure that T10J95 must be dispatched before T17J148
 - ensure that T0J6 must be dispatched before T30J174
 - ensure that T4J42 must be dispatched before T0J6
 - ensure that T17J149 must be dispatched before T1J17
 - ensure that T14J132 must be dispatched before T1J15
 - ensure that T8J80 must be dispatched before T2J26
 - ensure that T6J61 must be dispatched before T2J25
 - ensure that T25J169 must be dispatched before T3J35
 - ensure that T8J79 must be dispatched before T3J34
Reconfiguration took 158.538 seconds (148.949 CPU seconds) and consumed 57MB of memory
