The given problem seems to be unschedulable using our scheduler, and the rating of the root node is 0.004.
The problem passed the necessary load-based feasibility test.
The problem passed the necessary interval-based feasibility test.
Since the root node is unsafe, I will need to create a safe job ordering from scratch, which may take seconds or centuries...
You should press Control + C if you run out of patience!
I found a safe job ordering!
Time to make cuts...
 increased #extra constraints to 31
 increased #extra constraints to 57
 increased #extra constraints to 63
 increased #extra constraints to 117
 increased #extra constraints to 127
 increased #extra constraints to 149
 increased #extra constraints to 178
178 dispatch ordering constraints were added, let's try to minimize that...
178 remain after transitivity analysis; let's minimize further using tail trial-and-error...
 reduced #extra constraints to 177
 reduced #extra constraints to 176
 reduced #extra constraints to 175
 reduced #extra constraints to 174
 reduced #extra constraints to 173
 reduced #extra constraints to 172
 reduced #extra constraints to 171
 reduced #extra constraints to 170
 reduced #extra constraints to 169
 reduced #extra constraints to 168
 reduced #extra constraints to 167
 reduced #extra constraints to 166
 reduced #extra constraints to 165
 reduced #extra constraints to 164
 reduced #extra constraints to 163
 reduced #extra constraints to 162
 reduced #extra constraints to 161
 reduced #extra constraints to 160
 reduced #extra constraints to 159
 reduced #extra constraints to 158
 reduced #extra constraints to 157
 reduced #extra constraints to 156
 reduced #extra constraints to 155
 reduced #extra constraints to 154
 reduced #extra constraints to 153
 reduced #extra constraints to 152
 reduced #extra constraints to 151
 reduced #extra constraints to 150
 reduced #extra constraints to 149
 reduced #extra constraints to 148
 reduced #extra constraints to 147
 reduced #extra constraints to 146
 reduced #extra constraints to 145
 reduced #extra constraints to 144
 reduced #extra constraints to 143
 reduced #extra constraints to 142
 reduced #extra constraints to 141
 reduced #extra constraints to 140
 reduced #extra constraints to 139
 reduced #extra constraints to 138
 reduced #extra constraints to 137
 reduced #extra constraints to 136
 reduced #extra constraints to 135
 reduced #extra constraints to 134
 reduced #extra constraints to 133
 reduced #extra constraints to 132
 reduced #extra constraints to 131
 reduced #extra constraints to 130
 reduced #extra constraints to 129
 reduced #extra constraints to 128
 reduced #extra constraints to 127
 reduced #extra constraints to 126
 reduced #extra constraints to 125
 reduced #extra constraints to 124
 reduced #extra constraints to 123
 reduced #extra constraints to 122
 reduced #extra constraints to 121
 reduced #extra constraints to 120
 reduced #extra constraints to 119
 reduced #extra constraints to 118
 reduced #extra constraints to 117
 reduced #extra constraints to 116
 reduced #extra constraints to 115
 reduced #extra constraints to 114
 reduced #extra constraints to 113
 reduced #extra constraints to 112
 reduced #extra constraints to 111
 reduced #extra constraints to 110
 reduced #extra constraints to 109
 reduced #extra constraints to 108
 reduced #extra constraints to 107
 reduced #extra constraints to 106
 reduced #extra constraints to 105
 reduced #extra constraints to 104
 reduced #extra constraints to 103
 reduced #extra constraints to 102
 reduced #extra constraints to 101
 reduced #extra constraints to 100
 reduced #extra constraints to 99
 reduced #extra constraints to 98
 reduced #extra constraints to 97
 reduced #extra constraints to 96
 reduced #extra constraints to 95
 reduced #extra constraints to 94
 reduced #extra constraints to 93
93 remain after trial & error.
The given problem seems to be unschedulable (using our scheduler), but you can make it certainly schedulable by adding all the following dispatch ordering constraints:
 - ensure that T30J167 must be dispatched before T9J59
 - ensure that T15J90 must be dispatched before T3J18
 - ensure that T16J99 must be dispatched before T28J160
 - ensure that T4J27 must be dispatched before T30J166
 - ensure that T2J15 must be dispatched before T31J169
 - ensure that T8J48 must be dispatched before T7J42
 - ensure that T6J36 must be dispatched before T8J48
 - ensure that T32J173 must be dispatched before T10J65
 - ensure that T11J66 must be dispatched before T10J60
 - ensure that T2J12 must be dispatched before T11J66
 - ensure that T10J60 must be dispatched before T12J72
 - ensure that T31J170 must be dispatched before T11J71
 - ensure that T10J63 must be dispatched before T34J178
 - ensure that T5J30 must be dispatched before T17J102
 - ensure that T42J198 must be dispatched before T12J77
 - ensure that T35J181 must be dispatched before T36J184
 - ensure that T47J208 must be dispatched before T31J170
 - ensure that T26J154 must be dispatched before T38J190
 - ensure that T16J98 must be dispatched before T39J191
 - ensure that T5J35 must be dispatched before T16J101
 - ensure that T3J18 must be dispatched before T25J150
 - ensure that T37J188 must be dispatched before T27J158
 - ensure that T38J189 must be dispatched before T29J162
 - ensure that T2J13 must be dispatched before T31J168
 - ensure that T11J67 must be dispatched before T32J171
 - ensure that T39J192 must be dispatched before T28J161
 - ensure that T35J180 must be dispatched before T36J183
 - ensure that T46J206 must be dispatched before T35J182
 - ensure that T27J156 must be dispatched before T38J189
 - ensure that T43J199 must be dispatched before T40J193
 - ensure that T12J77 must be dispatched before T6J41
 - ensure that T36J183 must be dispatched before T0J1
 - ensure that T2J16 must be dispatched before T11J70
 - ensure that T15J91 must be dispatched before T3J19
 - ensure that T34J177 must be dispatched before T4J25
 - ensure that T39J191 must be dispatched before T21J128
 - ensure that T12J73 must be dispatched before T6J37
 - ensure that T28J160 must be dispatched before T21J129
 - ensure that T6J37 must be dispatched before T8J49
 - ensure that T30J165 must be dispatched before T9J55
 - ensure that T32J171 must be dispatched before T10J61
 - ensure that T31J168 must be dispatched before T11J67
 - ensure that T9J55 must be dispatched before T12J73
 - ensure that T43J200 must be dispatched before T37J188
 - ensure that T11J71 must be dispatched before T32J173
 - ensure that T29J164 must be dispatched before T46J206
 - ensure that T5J34 must be dispatched before T16J100
 - ensure that T8J50 must be dispatched before T23J140
 - ensure that T28J159 must be dispatched before T21J127
 - ensure that T2J17 must be dispatched before T47J208
 - ensure that T44J202 must be dispatched before T43J200
 - ensure that T28J161 must be dispatched before T21J131
 - ensure that T1J7 must be dispatched before T26J153
 - ensure that T16J97 must be dispatched before T28J159
 - ensure that T4J25 must be dispatched before T30J165
 - ensure that T10J61 must be dispatched before T34J177
 - ensure that T44J201 must be dispatched before T43J199
 - ensure that T46J205 must be dispatched before T0J2
 - ensure that T42J197 must be dispatched before T12J74
 - ensure that T3J20 must be dispatched before T25J151
 - ensure that T26J153 must be dispatched before T44J201
 - ensure that T48J209 must be dispatched before T46J205
 - ensure that T2J14 must be dispatched before T47J207
 - ensure that T36J184 must be dispatched before T0J3
 - ensure that T13J80 must be dispatched before T1J8
 - ensure that T1J10 must be dispatched before T44J202
 - ensure that T15J92 must be dispatched before T3J20
 - ensure that T15J93 must be dispatched before T3J21
 - ensure that T34J178 must be dispatched before T4J27
 - ensure that T22J134 must be dispatched before T5J32
 - ensure that T22J135 must be dispatched before T5J33
 - ensure that T12J74 must be dispatched before T6J38
 - ensure that T12J75 must be dispatched before T6J39
 - ensure that T14J86 must be dispatched before T7J44
 - ensure that T14J87 must be dispatched before T7J45
 - ensure that T6J38 must be dispatched before T8J50
 - ensure that T6J39 must be dispatched before T8J51
 - ensure that T36J185 must be dispatched before T0J5
 - ensure that T30J166 must be dispatched before T9J57
 - ensure that T11J68 must be dispatched before T10J62
 - ensure that T11J69 must be dispatched before T10J63
 - ensure that T47J207 must be dispatched before T11J68
 - ensure that T31J169 must be dispatched before T11J69
 - ensure that T9J57 must be dispatched before T12J75
 - ensure that T25J151 must be dispatched before T13J80
 - ensure that T13J82 must be dispatched before T1J10
 - ensure that T24J146 must be dispatched before T14J86
 - ensure that T15J94 must be dispatched before T3J22
 - ensure that T5J32 must be dispatched before T16J98
 - ensure that T23J140 must be dispatched before T24J146
 - ensure that T15J95 must be dispatched before T3J23
 - ensure that T34J179 must be dispatched before T4J29
 - ensure that T22J137 must be dispatched before T5J35
Reconfiguration took 258.09 seconds (254.156 CPU seconds) and consumed 363MB of memory
