The given problem seems to be unschedulable using our scheduler, and the rating of the root node is 0.
The problem passed the necessary load-based feasibility test.
The problem passed the necessary interval-based feasibility test.
Since the rating of the root node is 0, I will need to create a safe job ordering from scratch, which may take seconds or centuries...
You should press Control + C if you run out of patience!
I found a safe job ordering!
Time to make cuts...
 increased #extra constraints to 29
 increased #extra constraints to 42
 increased #extra constraints to 63
 increased #extra constraints to 82
 increased #extra constraints to 94
 increased #extra constraints to 108
 increased #extra constraints to 151
 increased #extra constraints to 210
 increased #extra constraints to 241
 increased #extra constraints to 247
 increased #extra constraints to 253
 increased #extra constraints to 266
 increased #extra constraints to 286
 increased #extra constraints to 320
 increased #extra constraints to 334
 increased #extra constraints to 376
376 dispatch ordering constraints were added, let's try to minimize that...
376 remain after transitivity analysis; let's minimize further using tail trial-and-error...
 reduced #extra constraints to 375
 reduced #extra constraints to 374
 reduced #extra constraints to 373
 reduced #extra constraints to 372
 reduced #extra constraints to 371
 reduced #extra constraints to 370
 reduced #extra constraints to 369
 reduced #extra constraints to 368
 reduced #extra constraints to 367
 reduced #extra constraints to 366
 reduced #extra constraints to 365
 reduced #extra constraints to 364
 reduced #extra constraints to 363
 reduced #extra constraints to 362
 reduced #extra constraints to 361
 reduced #extra constraints to 360
 reduced #extra constraints to 359
 reduced #extra constraints to 358
 reduced #extra constraints to 357
 reduced #extra constraints to 356
 reduced #extra constraints to 355
 reduced #extra constraints to 354
 reduced #extra constraints to 353
 reduced #extra constraints to 352
 reduced #extra constraints to 351
 reduced #extra constraints to 350
 reduced #extra constraints to 349
 reduced #extra constraints to 348
 reduced #extra constraints to 347
 reduced #extra constraints to 346
 reduced #extra constraints to 345
 reduced #extra constraints to 344
 reduced #extra constraints to 343
 reduced #extra constraints to 342
 reduced #extra constraints to 341
 reduced #extra constraints to 340
 reduced #extra constraints to 339
 reduced #extra constraints to 338
 reduced #extra constraints to 337
 reduced #extra constraints to 336
 reduced #extra constraints to 335
 reduced #extra constraints to 334
 reduced #extra constraints to 333
 reduced #extra constraints to 332
 reduced #extra constraints to 331
 reduced #extra constraints to 330
 reduced #extra constraints to 329
 reduced #extra constraints to 328
 reduced #extra constraints to 327
 reduced #extra constraints to 326
 reduced #extra constraints to 325
 reduced #extra constraints to 324
 reduced #extra constraints to 323
 reduced #extra constraints to 322
 reduced #extra constraints to 321
 reduced #extra constraints to 320
 reduced #extra constraints to 319
 reduced #extra constraints to 318
 reduced #extra constraints to 317
 reduced #extra constraints to 316
 reduced #extra constraints to 315
 reduced #extra constraints to 314
 reduced #extra constraints to 313
 reduced #extra constraints to 312
 reduced #extra constraints to 311
 reduced #extra constraints to 310
 reduced #extra constraints to 309
 reduced #extra constraints to 308
 reduced #extra constraints to 307
 reduced #extra constraints to 306
 reduced #extra constraints to 305
 reduced #extra constraints to 304
 reduced #extra constraints to 303
 reduced #extra constraints to 302
 reduced #extra constraints to 301
 reduced #extra constraints to 300
 reduced #extra constraints to 299
 reduced #extra constraints to 298
 reduced #extra constraints to 297
 reduced #extra constraints to 296
 reduced #extra constraints to 295
 reduced #extra constraints to 294
 reduced #extra constraints to 293
 reduced #extra constraints to 292
 reduced #extra constraints to 291
 reduced #extra constraints to 290
 reduced #extra constraints to 289
 reduced #extra constraints to 288
 reduced #extra constraints to 287
 reduced #extra constraints to 286
 reduced #extra constraints to 285
 reduced #extra constraints to 284
 reduced #extra constraints to 283
 reduced #extra constraints to 282
 reduced #extra constraints to 281
 reduced #extra constraints to 280
 reduced #extra constraints to 279
 reduced #extra constraints to 278
 reduced #extra constraints to 277
 reduced #extra constraints to 276
 reduced #extra constraints to 275
 reduced #extra constraints to 274
 reduced #extra constraints to 273
 reduced #extra constraints to 272
 reduced #extra constraints to 271
 reduced #extra constraints to 270
 reduced #extra constraints to 269
 reduced #extra constraints to 268
 reduced #extra constraints to 267
 reduced #extra constraints to 266
 reduced #extra constraints to 265
 reduced #extra constraints to 264
 reduced #extra constraints to 263
 reduced #extra constraints to 262
 reduced #extra constraints to 261
 reduced #extra constraints to 260
 reduced #extra constraints to 259
 reduced #extra constraints to 258
 reduced #extra constraints to 257
 reduced #extra constraints to 256
 reduced #extra constraints to 255
 reduced #extra constraints to 254
 reduced #extra constraints to 253
 reduced #extra constraints to 252
 reduced #extra constraints to 251
 reduced #extra constraints to 250
 reduced #extra constraints to 249
 reduced #extra constraints to 248
 reduced #extra constraints to 247
 reduced #extra constraints to 246
 reduced #extra constraints to 245
 reduced #extra constraints to 244
 reduced #extra constraints to 243
 reduced #extra constraints to 242
 reduced #extra constraints to 241
 reduced #extra constraints to 240
 reduced #extra constraints to 239
 reduced #extra constraints to 238
 reduced #extra constraints to 237
 reduced #extra constraints to 236
 reduced #extra constraints to 235
 reduced #extra constraints to 234
 reduced #extra constraints to 233
 reduced #extra constraints to 232
 reduced #extra constraints to 231
 reduced #extra constraints to 230
 reduced #extra constraints to 229
 reduced #extra constraints to 228
 reduced #extra constraints to 227
 reduced #extra constraints to 226
 reduced #extra constraints to 225
 reduced #extra constraints to 224
 reduced #extra constraints to 223
 reduced #extra constraints to 222
 reduced #extra constraints to 221
 reduced #extra constraints to 220
 reduced #extra constraints to 219
 reduced #extra constraints to 218
 reduced #extra constraints to 217
 reduced #extra constraints to 216
 reduced #extra constraints to 215
 reduced #extra constraints to 214
 reduced #extra constraints to 213
 reduced #extra constraints to 212
 reduced #extra constraints to 211
 reduced #extra constraints to 210
 reduced #extra constraints to 209
 reduced #extra constraints to 208
 reduced #extra constraints to 207
 reduced #extra constraints to 206
 reduced #extra constraints to 205
 reduced #extra constraints to 204
 reduced #extra constraints to 203
 reduced #extra constraints to 202
 reduced #extra constraints to 201
 reduced #extra constraints to 200
 reduced #extra constraints to 199
 reduced #extra constraints to 198
 reduced #extra constraints to 197
 reduced #extra constraints to 196
 reduced #extra constraints to 195
 reduced #extra constraints to 194
 reduced #extra constraints to 193
 reduced #extra constraints to 192
 reduced #extra constraints to 191
 reduced #extra constraints to 190
 reduced #extra constraints to 189
 reduced #extra constraints to 188
 reduced #extra constraints to 187
 reduced #extra constraints to 186
 reduced #extra constraints to 185
 reduced #extra constraints to 184
 reduced #extra constraints to 183
 reduced #extra constraints to 182
 reduced #extra constraints to 181
 reduced #extra constraints to 180
 reduced #extra constraints to 179
 reduced #extra constraints to 178
 reduced #extra constraints to 177
 reduced #extra constraints to 176
 reduced #extra constraints to 175
 reduced #extra constraints to 174
 reduced #extra constraints to 173
 reduced #extra constraints to 172
 reduced #extra constraints to 171
 reduced #extra constraints to 170
 reduced #extra constraints to 169
 reduced #extra constraints to 168
 reduced #extra constraints to 167
 reduced #extra constraints to 166
 reduced #extra constraints to 165
 reduced #extra constraints to 164
 reduced #extra constraints to 163
 reduced #extra constraints to 162
 reduced #extra constraints to 161
 reduced #extra constraints to 160
 reduced #extra constraints to 159
 reduced #extra constraints to 158
 reduced #extra constraints to 157
 reduced #extra constraints to 156
 reduced #extra constraints to 155
 reduced #extra constraints to 154
 reduced #extra constraints to 153
 reduced #extra constraints to 152
 reduced #extra constraints to 151
 reduced #extra constraints to 150
 reduced #extra constraints to 149
 reduced #extra constraints to 148
 reduced #extra constraints to 147
 reduced #extra constraints to 146
 reduced #extra constraints to 145
 reduced #extra constraints to 144
 reduced #extra constraints to 143
 reduced #extra constraints to 142
 reduced #extra constraints to 141
 reduced #extra constraints to 140
 reduced #extra constraints to 139
 reduced #extra constraints to 138
 reduced #extra constraints to 137
 reduced #extra constraints to 136
 reduced #extra constraints to 135
 reduced #extra constraints to 134
 reduced #extra constraints to 133
 reduced #extra constraints to 132
 reduced #extra constraints to 131
 reduced #extra constraints to 130
 reduced #extra constraints to 129
 reduced #extra constraints to 128
 reduced #extra constraints to 127
 reduced #extra constraints to 126
 reduced #extra constraints to 125
 reduced #extra constraints to 124
 reduced #extra constraints to 123
 reduced #extra constraints to 122
 reduced #extra constraints to 121
 reduced #extra constraints to 120
 reduced #extra constraints to 119
 reduced #extra constraints to 118
 reduced #extra constraints to 117
 reduced #extra constraints to 116
 reduced #extra constraints to 115
 reduced #extra constraints to 114
 reduced #extra constraints to 113
 reduced #extra constraints to 112
 reduced #extra constraints to 111
 reduced #extra constraints to 110
 reduced #extra constraints to 109
 reduced #extra constraints to 108
 reduced #extra constraints to 107
 reduced #extra constraints to 106
 reduced #extra constraints to 105
 reduced #extra constraints to 104
 reduced #extra constraints to 103
 reduced #extra constraints to 102
 reduced #extra constraints to 101
 reduced #extra constraints to 100
 reduced #extra constraints to 99
 reduced #extra constraints to 98
 reduced #extra constraints to 97
 reduced #extra constraints to 96
 reduced #extra constraints to 95
 reduced #extra constraints to 94
 reduced #extra constraints to 93
