The given problem seems to be unschedulable using our scheduler, and the rating of the root node is 0.
The problem passed the necessary load-based feasibility test.
The problem passed the necessary interval-based feasibility test.
Since the rating of the root node is 0, I will need to create a safe job ordering from scratch, which may take seconds or centuries...
You should press Control + C if you run out of patience!
 failed after 231 / 252 jobs
 failed after 235 / 252 jobs
 failed after 249 / 252 jobs
I found a safe job ordering!
Time to make cuts...
 increased #extra constraints to 37
 increased #extra constraints to 40
 increased #extra constraints to 67
 increased #extra constraints to 101
 increased #extra constraints to 111
 increased #extra constraints to 147
 increased #extra constraints to 151
 increased #extra constraints to 195
 increased #extra constraints to 205
205 dispatch ordering constraints were added, let's try to minimize that...
205 remain after transitivity analysis; let's minimize further using tail trial-and-error...
 reduced #extra constraints to 204
 reduced #extra constraints to 203
 reduced #extra constraints to 202
 reduced #extra constraints to 201
 reduced #extra constraints to 200
 reduced #extra constraints to 199
 reduced #extra constraints to 198
 reduced #extra constraints to 197
 reduced #extra constraints to 196
 reduced #extra constraints to 195
 reduced #extra constraints to 194
 reduced #extra constraints to 193
 reduced #extra constraints to 192
 reduced #extra constraints to 191
 reduced #extra constraints to 190
 reduced #extra constraints to 189
 reduced #extra constraints to 188
 reduced #extra constraints to 187
 reduced #extra constraints to 186
 reduced #extra constraints to 185
 reduced #extra constraints to 184
 reduced #extra constraints to 183
 reduced #extra constraints to 182
 reduced #extra constraints to 181
 reduced #extra constraints to 180
 reduced #extra constraints to 179
 reduced #extra constraints to 178
 reduced #extra constraints to 177
 reduced #extra constraints to 176
 reduced #extra constraints to 175
 reduced #extra constraints to 174
 reduced #extra constraints to 173
 reduced #extra constraints to 172
 reduced #extra constraints to 171
 reduced #extra constraints to 170
 reduced #extra constraints to 169
 reduced #extra constraints to 168
 reduced #extra constraints to 167
 reduced #extra constraints to 166
 reduced #extra constraints to 165
 reduced #extra constraints to 164
 reduced #extra constraints to 163
 reduced #extra constraints to 162
 reduced #extra constraints to 161
 reduced #extra constraints to 160
 reduced #extra constraints to 159
 reduced #extra constraints to 158
 reduced #extra constraints to 157
 reduced #extra constraints to 156
 reduced #extra constraints to 155
 reduced #extra constraints to 154
 reduced #extra constraints to 153
 reduced #extra constraints to 152
 reduced #extra constraints to 151
 reduced #extra constraints to 150
 reduced #extra constraints to 149
 reduced #extra constraints to 148
 reduced #extra constraints to 147
 reduced #extra constraints to 146
 reduced #extra constraints to 145
 reduced #extra constraints to 144
 reduced #extra constraints to 143
 reduced #extra constraints to 142
 reduced #extra constraints to 141
 reduced #extra constraints to 140
 reduced #extra constraints to 139
 reduced #extra constraints to 138
 reduced #extra constraints to 137
 reduced #extra constraints to 136
 reduced #extra constraints to 135
 reduced #extra constraints to 134
 reduced #extra constraints to 133
 reduced #extra constraints to 132
 reduced #extra constraints to 131
 reduced #extra constraints to 130
 reduced #extra constraints to 129
 reduced #extra constraints to 128
 reduced #extra constraints to 127
 reduced #extra constraints to 126
 reduced #extra constraints to 125
 reduced #extra constraints to 124
 reduced #extra constraints to 123
 reduced #extra constraints to 122
 reduced #extra constraints to 121
 reduced #extra constraints to 120
 reduced #extra constraints to 119
 reduced #extra constraints to 118
 reduced #extra constraints to 117
 reduced #extra constraints to 116
 reduced #extra constraints to 115
 reduced #extra constraints to 114
 reduced #extra constraints to 113
 reduced #extra constraints to 112
 reduced #extra constraints to 111
 reduced #extra constraints to 110
 reduced #extra constraints to 109
 reduced #extra constraints to 108
 reduced #extra constraints to 107
 reduced #extra constraints to 106
 reduced #extra constraints to 105
 reduced #extra constraints to 104
 reduced #extra constraints to 103
 reduced #extra constraints to 102
 reduced #extra constraints to 101
 reduced #extra constraints to 100
 reduced #extra constraints to 99
 reduced #extra constraints to 98
 reduced #extra constraints to 97
 reduced #extra constraints to 96
 reduced #extra constraints to 95
 reduced #extra constraints to 94
 reduced #extra constraints to 93
93 remain after trial & error.
The given problem seems to be unschedulable (using our scheduler), but you can make it certainly schedulable by adding all the following dispatch ordering constraints:
 - ensure that T26J217 must be dispatched before T0J5
 - ensure that T10J105 must be dispatched before T2J25
 - ensure that T20J187 must be dispatched before T10J105
 - ensure that T16J168 must be dispatched before T37J247
 - ensure that T14J140 must be dispatched before T4J40
 - ensure that T25J214 must be dispatched before T2J29
 - ensure that T8J85 must be dispatched before T14J145
 - ensure that T4J40 must be dispatched before T6J60
 - ensure that T29J230 must be dispatched before T6J61
 - ensure that T13J138 must be dispatched before T5J58
 - ensure that T25J212 must be dispatched before T16J165
 - ensure that T16J165 must be dispatched before T24J207
 - ensure that T3J35 must be dispatched before T29J231
 - ensure that T29J231 must be dispatched before T1J15
 - ensure that T18J175 must be dispatched before T10J101
 - ensure that T16J169 must be dispatched before T24J209
 - ensure that T31J235 must be dispatched before T3J36
 - ensure that T6J65 must be dispatched before T4J45
 - ensure that T16J167 must be dispatched before T10J107
 - ensure that T1J11 must be dispatched before T13J131
 - ensure that T16J160 must be dispatched before T14J140
 - ensure that T11J119 must be dispatched before T25J214
 - ensure that T12J126 must be dispatched before T5J56
 - ensure that T15J159 must be dispatched before T30J233
 - ensure that T5J56 must be dispatched before T6J66
 - ensure that T1J18 must be dispatched before T22J199
 - ensure that T9J90 must be dispatched before T17J170
 - ensure that T16J161 must be dispatched before T18J175
 - ensure that T17J173 must be dispatched before T7J76
 - ensure that T36J245 must be dispatched before T7J78
 - ensure that T4J46 must be dispatched before T8J86
 - ensure that T35J243 must be dispatched before T8J87
 - ensure that T8J86 must be dispatched before T9J96
 - ensure that T24J209 must be dispatched before T26J219
 - ensure that T14J146 must be dispatched before T11J116
 - ensure that T5J51 must be dispatched before T29J230
 - ensure that T18J179 must be dispatched before T4J49
 - ensure that T18J178 must be dispatched before T13J137
 - ensure that T17J171 must be dispatched before T34J240
 - ensure that T15J152 must be dispatched before T39J250
 - ensure that T39J250 must be dispatched before T0J2
 - ensure that T16J163 must be dispatched before T0J3
 - ensure that T39J251 must be dispatched before T13J136
 - ensure that T19J181 must be dispatched before T3J32
 - ensure that T16J166 must be dispatched before T14J146
 - ensure that T34J240 must be dispatched before T7J72
 - ensure that T22J199 must be dispatched before T28J229
 - ensure that T3J33 must be dispatched before T36J244
 - ensure that T6J66 must be dispatched before T16J166
 - ensure that T9J96 must be dispatched before T17J173
 - ensure that T9J92 must be dispatched before T13J132
 - ensure that T14J145 must be dispatched before T18J177
 - ensure that T5J53 must be dispatched before T14J143
 - ensure that T16J162 must be dispatched before T15J152
 - ensure that T1J16 must be dispatched before T19J183
 - ensure that T27J221 must be dispatched before T16J163
 - ensure that T35J242 must be dispatched before T17J171
 - ensure that T10J107 must be dispatched before T14J147
 - ensure that T15J158 must be dispatched before T14J148
 - ensure that T1J12 must be dispatched before T22J196
 - ensure that T2J23 must be dispatched before T24J206
 - ensure that T32J237 must be dispatched before T22J198
 - ensure that T25J211 must be dispatched before T26J216
 - ensure that T37J246 must be dispatched before T27J221
 - ensure that T4J49 must be dispatched before T14J149
 - ensure that T13J132 must be dispatched before T35J242
 - ensure that T38J248 must be dispatched before T37J246
 - ensure that T16J164 must be dispatched before T0J4
 - ensure that T22J198 must be dispatched before T27J223
 - ensure that T19J183 must be dispatched before T28J228
 - ensure that T13J133 must be dispatched before T4J43
 - ensure that T13J134 must be dispatched before T4J44
 - ensure that T24J206 must be dispatched before T5J53
 - ensure that T7J76 must be dispatched before T31J235
 - ensure that T21J193 must be dispatched before T32J237
 - ensure that T9J97 must be dispatched before T34J241
 - ensure that T26J218 must be dispatched before T39J251
 - ensure that T26J216 must be dispatched before T38J248
 - ensure that T30J232 must be dispatched before T9J94
 - ensure that T13J136 must be dispatched before T24J208
 - ensure that T2J27 must be dispatched before T25J213
 - ensure that T20J186 must be dispatched before T11J113
 - ensure that T14J147 must be dispatched before T15J157
 - ensure that T18J176 must be dispatched before T13J133
 - ensure that T34J241 must be dispatched before T35J243
 - ensure that T37J247 must be dispatched before T15J158
 - ensure that T14J149 must be dispatched before T15J159
 - ensure that T33J239 must be dispatched before T0J9
 - ensure that T15J157 must be dispatched before T2J27
 - ensure that T1J14 must be dispatched before T19J182
 - ensure that T26J219 must be dispatched before T33J239
 - ensure that T30J233 must be dispatched before T13J139
 - ensure that T4J48 must be dispatched before T19J184
Reconfiguration took 161.128 seconds (158.49 CPU seconds) and consumed 212MB of memory
