The given problem seems to be unschedulable using our scheduler, and the rating of the root node is 0.
The problem passed the necessary load-based feasibility test.
The problem passed the necessary interval-based feasibility test.
Since the rating of the root node is 0, I will need to create a safe job ordering from scratch, which may take seconds or centuries...
You should press Control + C if you run out of patience!
I found a safe job ordering!
Time to make cuts...
 increased #extra constraints to 16
 increased #extra constraints to 29
 increased #extra constraints to 42
 increased #extra constraints to 65
 increased #extra constraints to 81
 increased #extra constraints to 97
 increased #extra constraints to 116
 increased #extra constraints to 130
 increased #extra constraints to 141
 increased #extra constraints to 166
 increased #extra constraints to 183
 increased #extra constraints to 194
 increased #extra constraints to 197
197 dispatch ordering constraints were added, let's try to minimize that...
197 remain after transitivity analysis; let's minimize further using tail trial-and-error...
 reduced #extra constraints to 196
 reduced #extra constraints to 195
 reduced #extra constraints to 194
 reduced #extra constraints to 193
 reduced #extra constraints to 192
 reduced #extra constraints to 191
 reduced #extra constraints to 190
 reduced #extra constraints to 189
 reduced #extra constraints to 188
 reduced #extra constraints to 187
 reduced #extra constraints to 186
 reduced #extra constraints to 185
 reduced #extra constraints to 184
 reduced #extra constraints to 183
 reduced #extra constraints to 182
 reduced #extra constraints to 181
 reduced #extra constraints to 180
 reduced #extra constraints to 179
 reduced #extra constraints to 178
 reduced #extra constraints to 177
 reduced #extra constraints to 176
 reduced #extra constraints to 175
 reduced #extra constraints to 174
 reduced #extra constraints to 173
 reduced #extra constraints to 172
 reduced #extra constraints to 171
 reduced #extra constraints to 170
 reduced #extra constraints to 169
 reduced #extra constraints to 168
 reduced #extra constraints to 167
 reduced #extra constraints to 166
 reduced #extra constraints to 165
 reduced #extra constraints to 164
 reduced #extra constraints to 163
 reduced #extra constraints to 162
 reduced #extra constraints to 161
 reduced #extra constraints to 160
 reduced #extra constraints to 159
 reduced #extra constraints to 158
 reduced #extra constraints to 157
 reduced #extra constraints to 156
 reduced #extra constraints to 155
 reduced #extra constraints to 154
 reduced #extra constraints to 153
 reduced #extra constraints to 152
 reduced #extra constraints to 151
 reduced #extra constraints to 150
 reduced #extra constraints to 149
 reduced #extra constraints to 148
 reduced #extra constraints to 147
 reduced #extra constraints to 146
 reduced #extra constraints to 145
 reduced #extra constraints to 144
 reduced #extra constraints to 143
 reduced #extra constraints to 142
 reduced #extra constraints to 141
 reduced #extra constraints to 140
 reduced #extra constraints to 139
 reduced #extra constraints to 138
 reduced #extra constraints to 137
 reduced #extra constraints to 136
 reduced #extra constraints to 135
 reduced #extra constraints to 134
 reduced #extra constraints to 133
 reduced #extra constraints to 132
 reduced #extra constraints to 131
 reduced #extra constraints to 130
 reduced #extra constraints to 129
 reduced #extra constraints to 128
 reduced #extra constraints to 127
 reduced #extra constraints to 126
 reduced #extra constraints to 125
 reduced #extra constraints to 124
 reduced #extra constraints to 123
 reduced #extra constraints to 122
 reduced #extra constraints to 121
 reduced #extra constraints to 120
 reduced #extra constraints to 119
 reduced #extra constraints to 118
 reduced #extra constraints to 117
 reduced #extra constraints to 116
 reduced #extra constraints to 115
 reduced #extra constraints to 114
 reduced #extra constraints to 113
 reduced #extra constraints to 112
 reduced #extra constraints to 111
 reduced #extra constraints to 110
 reduced #extra constraints to 109
 reduced #extra constraints to 108
 reduced #extra constraints to 107
 reduced #extra constraints to 106
 reduced #extra constraints to 105
 reduced #extra constraints to 104
 reduced #extra constraints to 103
 reduced #extra constraints to 102
102 remain after trial & error.
The given problem seems to be unschedulable (using our scheduler), but you can make it certainly schedulable by adding all the following dispatch ordering constraints:
 - ensure that T8J102 must be dispatched before T14J174
 - ensure that T12J144 must be dispatched before T3J36
 - ensure that T22J237 must be dispatched before T15J191
 - ensure that T15J180 must be dispatched before T5J60
 - ensure that T23J239 must be dispatched before T18J212
 - ensure that T14J168 must be dispatched before T9J108
 - ensure that T18J212 must be dispatched before T19J220
 - ensure that T1J18 must be dispatched before T20J228
 - ensure that T1J17 must be dispatched before T24J242
 - ensure that T8J96 must be dispatched before T14J168
 - ensure that T10J120 must be dispatched before T15J180
 - ensure that T20J228 must be dispatched before T25J245
 - ensure that T20J224 must be dispatched before T18J208
 - ensure that T19J222 must be dispatched before T24J243
 - ensure that T16J198 must be dispatched before T13J165
 - ensure that T9J109 must be dispatched before T21J232
 - ensure that T17J204 must be dispatched before T0J7
 - ensure that T12J145 must be dispatched before T3J37
 - ensure that T6J82 must be dispatched before T13J166
 - ensure that T15J181 must be dispatched before T5J61
 - ensure that T21J232 must be dispatched before T7J85
 - ensure that T1J22 must be dispatched before T25J246
 - ensure that T12J151 must be dispatched before T3J43
 - ensure that T13J163 must be dispatched before T4J55
 - ensure that T6J73 must be dispatched before T13J157
 - ensure that T15J187 must be dispatched before T5J67
 - ensure that T5J70 must be dispatched before T26J249
 - ensure that T24J241 must be dispatched before T16J193
 - ensure that T25J244 must be dispatched before T23J238
 - ensure that T16J193 must be dispatched before T0J2
 - ensure that T20J225 must be dispatched before T2J26
 - ensure that T12J146 must be dispatched before T3J38
 - ensure that T15J182 must be dispatched before T5J62
 - ensure that T6J81 must be dispatched before T16J198
 - ensure that T9J119 must be dispatched before T18J215
 - ensure that T8J98 must be dispatched before T14J170
 - ensure that T10J122 must be dispatched before T15J182
 - ensure that T9J110 must be dispatched before T18J209
 - ensure that T18J209 must be dispatched before T19J217
 - ensure that T3J38 must be dispatched before T20J225
 - ensure that T0J7 must be dispatched before T12J151
 - ensure that T5J62 must be dispatched before T26J247
 - ensure that T6J79 must be dispatched before T13J163
 - ensure that T24J243 must be dispatched before T17J206
 - ensure that T12J147 must be dispatched before T3J39
 - ensure that T13J158 must be dispatched before T4J50
 - ensure that T13J159 must be dispatched before T4J51
 - ensure that T15J183 must be dispatched before T5J63
 - ensure that T17J201 must be dispatched before T7J86
 - ensure that T22J236 must be dispatched before T15J187
 - ensure that T26J247 must be dispatched before T8J98
 - ensure that T1J19 must be dispatched before T16J197
 - ensure that T10J127 must be dispatched before T22J236
 - ensure that T20J229 must be dispatched before T2J32
 - ensure that T0J3 must be dispatched before T12J147
 - ensure that T8J106 must be dispatched before T14J178
 - ensure that T16J194 must be dispatched before T13J159
 - ensure that T15J188 must be dispatched before T5J68
 - ensure that T22J235 must be dispatched before T15J183
 - ensure that T6J75 must be dispatched before T16J194
 - ensure that T20J226 must be dispatched before T18J210
 - ensure that T18J210 must be dispatched before T19J218
 - ensure that T1J15 must be dispatched before T20J226
 - ensure that T10J123 must be dispatched before T22J235
 - ensure that T1J14 must be dispatched before T27J250
 - ensure that T17J202 must be dispatched before T0J4
 - ensure that T3J47 must be dispatched before T20J231
 - ensure that T12J148 must be dispatched before T3J40
 - ensure that T1J21 must be dispatched before T20J230
 - ensure that T15J184 must be dispatched before T5J64
 - ensure that T25J246 must be dispatched before T23J240
 - ensure that T10J128 must be dispatched before T15J188
 - ensure that T12J155 must be dispatched before T3J47
 - ensure that T12J154 must be dispatched before T3J46
 - ensure that T13J166 must be dispatched before T4J58
 - ensure that T8J100 must be dispatched before T14J172
 - ensure that T10J124 must be dispatched before T15J184
 - ensure that T9J117 must be dispatched before T21J234
 - ensure that T17J206 must be dispatched before T0J10
 - ensure that T3J41 must be dispatched before T20J227
 - ensure that T15J190 must be dispatched before T5J70
 - ensure that T14J174 must be dispatched before T9J114
 - ensure that T20J227 must be dispatched before T2J29
 - ensure that T15J191 must be dispatched before T5J71
 - ensure that T13J161 must be dispatched before T4J53
 - ensure that T10J131 must be dispatched before T22J237
 - ensure that T17J203 must be dispatched before T7J89
 - ensure that T13J165 must be dispatched before T4J57
 - ensure that T15J189 must be dispatched before T5J69
 - ensure that T26J249 must be dispatched before T8J106
 - ensure that T0J6 must be dispatched before T12J150
 - ensure that T6J77 must be dispatched before T13J161
 - ensure that T21J234 must be dispatched before T7J93
 - ensure that T17J207 must be dispatched before T7J95
 - ensure that T6J78 must be dispatched before T16J196
 - ensure that T10J130 must be dispatched before T15J190
 - ensure that T25J245 must be dispatched before T23J239
 - ensure that T8J107 must be dispatched before T14J179
 - ensure that T12J150 must be dispatched before T3J42
 - ensure that T13J162 must be dispatched before T4J54
 - ensure that T16J196 must be dispatched before T13J162
 - ensure that T27J251 must be dispatched before T6J78
Reconfiguration took 10.164 seconds (9.97641 CPU seconds) and consumed 57MB of memory
