The given problem seems to be unschedulable using our scheduler, and the rating of the root node is 0.008.
The problem passed the necessary load-based feasibility test.
The problem passed the necessary interval-based feasibility test.
Time to make cuts...
 increased #extra constraints to 326
326 dispatch ordering constraints were added, let's try to minimize that...
326 remain after transitivity analysis; let's minimize further using tail trial-and-error...
 reduced #extra constraints to 325
 reduced #extra constraints to 324
 reduced #extra constraints to 323
 reduced #extra constraints to 322
 reduced #extra constraints to 321
 reduced #extra constraints to 320
 reduced #extra constraints to 319
 reduced #extra constraints to 318
 reduced #extra constraints to 317
 reduced #extra constraints to 316
 reduced #extra constraints to 315
 reduced #extra constraints to 314
 reduced #extra constraints to 313
 reduced #extra constraints to 312
 reduced #extra constraints to 311
 reduced #extra constraints to 310
 reduced #extra constraints to 309
 reduced #extra constraints to 308
 reduced #extra constraints to 307
 reduced #extra constraints to 306
 reduced #extra constraints to 305
 reduced #extra constraints to 304
 reduced #extra constraints to 303
 reduced #extra constraints to 302
 reduced #extra constraints to 301
 reduced #extra constraints to 300
 reduced #extra constraints to 299
 reduced #extra constraints to 298
 reduced #extra constraints to 297
 reduced #extra constraints to 296
 reduced #extra constraints to 295
 reduced #extra constraints to 294
 reduced #extra constraints to 293
 reduced #extra constraints to 292
 reduced #extra constraints to 291
 reduced #extra constraints to 290
 reduced #extra constraints to 289
 reduced #extra constraints to 288
 reduced #extra constraints to 287
 reduced #extra constraints to 286
 reduced #extra constraints to 285
 reduced #extra constraints to 284
 reduced #extra constraints to 283
 reduced #extra constraints to 282
 reduced #extra constraints to 281
 reduced #extra constraints to 280
 reduced #extra constraints to 279
 reduced #extra constraints to 278
 reduced #extra constraints to 277
 reduced #extra constraints to 276
 reduced #extra constraints to 275
 reduced #extra constraints to 274
 reduced #extra constraints to 273
 reduced #extra constraints to 272
 reduced #extra constraints to 271
 reduced #extra constraints to 270
 reduced #extra constraints to 269
 reduced #extra constraints to 268
 reduced #extra constraints to 267
 reduced #extra constraints to 266
 reduced #extra constraints to 265
 reduced #extra constraints to 264
 reduced #extra constraints to 263
 reduced #extra constraints to 262
 reduced #extra constraints to 261
 reduced #extra constraints to 260
 reduced #extra constraints to 259
 reduced #extra constraints to 258
 reduced #extra constraints to 257
 reduced #extra constraints to 256
 reduced #extra constraints to 255
 reduced #extra constraints to 254
 reduced #extra constraints to 253
 reduced #extra constraints to 252
 reduced #extra constraints to 251
 reduced #extra constraints to 250
 reduced #extra constraints to 249
 reduced #extra constraints to 248
 reduced #extra constraints to 247
 reduced #extra constraints to 246
 reduced #extra constraints to 245
 reduced #extra constraints to 244
 reduced #extra constraints to 243
 reduced #extra constraints to 242
 reduced #extra constraints to 241
 reduced #extra constraints to 240
 reduced #extra constraints to 239
 reduced #extra constraints to 238
 reduced #extra constraints to 237
 reduced #extra constraints to 236
 reduced #extra constraints to 235
 reduced #extra constraints to 234
 reduced #extra constraints to 233
 reduced #extra constraints to 232
 reduced #extra constraints to 231
 reduced #extra constraints to 230
 reduced #extra constraints to 229
 reduced #extra constraints to 228
 reduced #extra constraints to 227
 reduced #extra constraints to 226
 reduced #extra constraints to 225
 reduced #extra constraints to 224
 reduced #extra constraints to 223
 reduced #extra constraints to 222
 reduced #extra constraints to 221
 reduced #extra constraints to 220
 reduced #extra constraints to 219
 reduced #extra constraints to 218
 reduced #extra constraints to 217
 reduced #extra constraints to 216
 reduced #extra constraints to 215
 reduced #extra constraints to 214
 reduced #extra constraints to 213
 reduced #extra constraints to 212
 reduced #extra constraints to 211
 reduced #extra constraints to 210
 reduced #extra constraints to 209
 reduced #extra constraints to 208
 reduced #extra constraints to 207
 reduced #extra constraints to 206
 reduced #extra constraints to 205
 reduced #extra constraints to 204
 reduced #extra constraints to 203
 reduced #extra constraints to 202
 reduced #extra constraints to 201
 reduced #extra constraints to 200
 reduced #extra constraints to 199
 reduced #extra constraints to 198
 reduced #extra constraints to 197
 reduced #extra constraints to 196
 reduced #extra constraints to 195
 reduced #extra constraints to 194
 reduced #extra constraints to 193
 reduced #extra constraints to 192
 reduced #extra constraints to 191
 reduced #extra constraints to 190
 reduced #extra constraints to 189
 reduced #extra constraints to 188
 reduced #extra constraints to 187
 reduced #extra constraints to 186
 reduced #extra constraints to 185
 reduced #extra constraints to 184
 reduced #extra constraints to 183
 reduced #extra constraints to 182
 reduced #extra constraints to 181
 reduced #extra constraints to 180
 reduced #extra constraints to 179
 reduced #extra constraints to 178
 reduced #extra constraints to 177
 reduced #extra constraints to 176
 reduced #extra constraints to 175
 reduced #extra constraints to 174
 reduced #extra constraints to 173
 reduced #extra constraints to 172
 reduced #extra constraints to 171
 reduced #extra constraints to 170
 reduced #extra constraints to 169
 reduced #extra constraints to 168
 reduced #extra constraints to 167
 reduced #extra constraints to 166
 reduced #extra constraints to 165
 reduced #extra constraints to 164
 reduced #extra constraints to 163
 reduced #extra constraints to 162
 reduced #extra constraints to 161
 reduced #extra constraints to 160
 reduced #extra constraints to 159
 reduced #extra constraints to 158
 reduced #extra constraints to 157
 reduced #extra constraints to 156
 reduced #extra constraints to 155
 reduced #extra constraints to 154
 reduced #extra constraints to 153
 reduced #extra constraints to 152
 reduced #extra constraints to 151
 reduced #extra constraints to 150
 reduced #extra constraints to 149
 reduced #extra constraints to 148
 reduced #extra constraints to 147
 reduced #extra constraints to 146
 reduced #extra constraints to 145
 reduced #extra constraints to 144
 reduced #extra constraints to 143
 reduced #extra constraints to 142
 reduced #extra constraints to 141
 reduced #extra constraints to 140
 reduced #extra constraints to 139
 reduced #extra constraints to 138
 reduced #extra constraints to 137
 reduced #extra constraints to 136
 reduced #extra constraints to 135
 reduced #extra constraints to 134
 reduced #extra constraints to 133
 reduced #extra constraints to 132
 reduced #extra constraints to 131
 reduced #extra constraints to 130
 reduced #extra constraints to 129
 reduced #extra constraints to 128
 reduced #extra constraints to 127
 reduced #extra constraints to 126
 reduced #extra constraints to 125
 reduced #extra constraints to 124
 reduced #extra constraints to 123
 reduced #extra constraints to 122
 reduced #extra constraints to 121
 reduced #extra constraints to 120
 reduced #extra constraints to 119
 reduced #extra constraints to 118
 reduced #extra constraints to 117
 reduced #extra constraints to 116
 reduced #extra constraints to 115
 reduced #extra constraints to 114
 reduced #extra constraints to 113
 reduced #extra constraints to 112
 reduced #extra constraints to 111
 reduced #extra constraints to 110
 reduced #extra constraints to 109
 reduced #extra constraints to 108
 reduced #extra constraints to 107
 reduced #extra constraints to 106
 reduced #extra constraints to 105
 reduced #extra constraints to 104
 reduced #extra constraints to 103
 reduced #extra constraints to 102
 reduced #extra constraints to 101
 reduced #extra constraints to 100
 reduced #extra constraints to 99
 reduced #extra constraints to 98
 reduced #extra constraints to 97
 reduced #extra constraints to 96
 reduced #extra constraints to 95
 reduced #extra constraints to 94
 reduced #extra constraints to 93
 reduced #extra constraints to 92
 reduced #extra constraints to 91
 reduced #extra constraints to 90
 reduced #extra constraints to 89
 reduced #extra constraints to 88
 reduced #extra constraints to 87
 reduced #extra constraints to 86
 reduced #extra constraints to 85
 reduced #extra constraints to 84
 reduced #extra constraints to 83
 reduced #extra constraints to 82
 reduced #extra constraints to 81
 reduced #extra constraints to 80
 reduced #extra constraints to 79
 reduced #extra constraints to 78
 reduced #extra constraints to 77
 reduced #extra constraints to 76
 reduced #extra constraints to 75
 reduced #extra constraints to 74
 reduced #extra constraints to 73
 reduced #extra constraints to 72
 reduced #extra constraints to 71
 reduced #extra constraints to 70
 reduced #extra constraints to 69
 reduced #extra constraints to 68
 reduced #extra constraints to 67
 reduced #extra constraints to 66
 reduced #extra constraints to 65
 reduced #extra constraints to 64
 reduced #extra constraints to 63
 reduced #extra constraints to 62
 reduced #extra constraints to 61
 reduced #extra constraints to 60
 reduced #extra constraints to 59
 reduced #extra constraints to 58
 reduced #extra constraints to 57
 reduced #extra constraints to 56
 reduced #extra constraints to 55
 reduced #extra constraints to 54
 reduced #extra constraints to 53
 reduced #extra constraints to 52
 reduced #extra constraints to 51
 reduced #extra constraints to 50
 reduced #extra constraints to 49
 reduced #extra constraints to 48
 reduced #extra constraints to 47
 reduced #extra constraints to 46
 reduced #extra constraints to 45
 reduced #extra constraints to 44
 reduced #extra constraints to 43
 reduced #extra constraints to 42
 reduced #extra constraints to 41
 reduced #extra constraints to 40
 reduced #extra constraints to 39
 reduced #extra constraints to 38
 reduced #extra constraints to 37
 reduced #extra constraints to 36
 reduced #extra constraints to 35
 reduced #extra constraints to 34
 reduced #extra constraints to 33
 reduced #extra constraints to 32
 reduced #extra constraints to 31
 reduced #extra constraints to 30
 reduced #extra constraints to 29
 reduced #extra constraints to 28
 reduced #extra constraints to 27
 reduced #extra constraints to 26
 reduced #extra constraints to 25
 reduced #extra constraints to 24
 reduced #extra constraints to 23
 reduced #extra constraints to 22
 reduced #extra constraints to 21
 reduced #extra constraints to 20
 reduced #extra constraints to 19
 reduced #extra constraints to 18
18 remain after trial & error.
The given problem seems to be unschedulable (using our scheduler), but you can make it certainly schedulable by adding all the following dispatch ordering constraints:
 - ensure that T18J818 must be dispatched before T19J836
 - ensure that T6J357 must be dispatched before T16J777
 - ensure that T6J387 must be dispatched before T27J985
 - ensure that T1J65 must be dispatched before T8J442
 - ensure that T6J358 must be dispatched before T23J903
 - ensure that T1J63 must be dispatched before T5J315
 - ensure that T12J618 must be dispatched before T14J702
 - ensure that T6J369 must be dispatched before T18J818
 - ensure that T1J77 must be dispatched before T16J781
 - ensure that T23J917 must be dispatched before T25J953
 - ensure that T1J95 must be dispatched before T21J876
 - ensure that T1J81 must be dispatched before T5J327
 - ensure that T1J91 must be dispatched before T16J785
 - ensure that T6J378 must be dispatched before T16J786
 - ensure that T6J390 must be dispatched before T18J827
 - ensure that T6J375 must be dispatched before T27J981
 - ensure that T21J876 must be dispatched before T26J966
 - ensure that T1J113 must be dispatched before T23J917
Reconfiguration took 125.798 seconds (123.326 CPU seconds) and consumed 57MB of memory
