The given problem seems to be unschedulable using our scheduler, and the rating of the root node is 0.004.
The problem passed the necessary load-based feasibility test.
The problem passed the necessary interval-based feasibility test.
Since the root node is unsafe, I will need to create a safe job ordering from scratch, which may take seconds or centuries...
You should press Control + C if you run out of patience!
 failed after 82 / 626 jobs
 failed after 156 / 626 jobs
 failed after 219 / 626 jobs
 failed after 265 / 626 jobs
 failed after 402 / 626 jobs
 failed after 500 / 626 jobs
 failed after 507 / 626 jobs
 failed after 575 / 626 jobs
 failed after 589 / 626 jobs
 failed after 612 / 626 jobs
 failed after 614 / 626 jobs
I found a safe job ordering!
Time to make cuts...
 increased #extra constraints to 34
 increased #extra constraints to 54
 increased #extra constraints to 94
 increased #extra constraints to 96
 increased #extra constraints to 115
 increased #extra constraints to 117
 increased #extra constraints to 153
 increased #extra constraints to 179
 increased #extra constraints to 181
 increased #extra constraints to 221
 increased #extra constraints to 238
 increased #extra constraints to 282
 increased #extra constraints to 283
 increased #extra constraints to 287
 increased #extra constraints to 306
 increased #extra constraints to 317
 increased #extra constraints to 339
 increased #extra constraints to 340
 increased #extra constraints to 346
 increased #extra constraints to 369
 increased #extra constraints to 409
 increased #extra constraints to 410
 increased #extra constraints to 431
431 dispatch ordering constraints were added, let's try to minimize that...
431 remain after transitivity analysis; let's minimize further using tail trial-and-error...
 reduced #extra constraints to 430
 reduced #extra constraints to 429
 reduced #extra constraints to 428
 reduced #extra constraints to 427
 reduced #extra constraints to 426
 reduced #extra constraints to 425
 reduced #extra constraints to 424
 reduced #extra constraints to 423
 reduced #extra constraints to 422
 reduced #extra constraints to 421
 reduced #extra constraints to 420
 reduced #extra constraints to 419
 reduced #extra constraints to 418
 reduced #extra constraints to 417
 reduced #extra constraints to 416
 reduced #extra constraints to 415
 reduced #extra constraints to 414
 reduced #extra constraints to 413
 reduced #extra constraints to 412
 reduced #extra constraints to 411
 reduced #extra constraints to 410
 reduced #extra constraints to 409
 reduced #extra constraints to 408
 reduced #extra constraints to 407
 reduced #extra constraints to 406
 reduced #extra constraints to 405
 reduced #extra constraints to 404
 reduced #extra constraints to 403
 reduced #extra constraints to 402
 reduced #extra constraints to 401
 reduced #extra constraints to 400
 reduced #extra constraints to 399
 reduced #extra constraints to 398
 reduced #extra constraints to 397
 reduced #extra constraints to 396
 reduced #extra constraints to 395
 reduced #extra constraints to 394
 reduced #extra constraints to 393
 reduced #extra constraints to 392
 reduced #extra constraints to 391
 reduced #extra constraints to 390
 reduced #extra constraints to 389
 reduced #extra constraints to 388
 reduced #extra constraints to 387
 reduced #extra constraints to 386
 reduced #extra constraints to 385
 reduced #extra constraints to 384
 reduced #extra constraints to 383
 reduced #extra constraints to 382
 reduced #extra constraints to 381
 reduced #extra constraints to 380
 reduced #extra constraints to 379
 reduced #extra constraints to 378
 reduced #extra constraints to 377
 reduced #extra constraints to 376
 reduced #extra constraints to 375
 reduced #extra constraints to 374
 reduced #extra constraints to 373
 reduced #extra constraints to 372
 reduced #extra constraints to 371
 reduced #extra constraints to 370
 reduced #extra constraints to 369
 reduced #extra constraints to 368
 reduced #extra constraints to 367
 reduced #extra constraints to 366
 reduced #extra constraints to 365
 reduced #extra constraints to 364
 reduced #extra constraints to 363
 reduced #extra constraints to 362
 reduced #extra constraints to 361
 reduced #extra constraints to 360
 reduced #extra constraints to 359
 reduced #extra constraints to 358
 reduced #extra constraints to 357
 reduced #extra constraints to 356
 reduced #extra constraints to 355
 reduced #extra constraints to 354
 reduced #extra constraints to 353
 reduced #extra constraints to 352
 reduced #extra constraints to 351
 reduced #extra constraints to 350
 reduced #extra constraints to 349
 reduced #extra constraints to 348
 reduced #extra constraints to 347
 reduced #extra constraints to 346
 reduced #extra constraints to 345
 reduced #extra constraints to 344
 reduced #extra constraints to 343
 reduced #extra constraints to 342
 reduced #extra constraints to 341
 reduced #extra constraints to 340
 reduced #extra constraints to 339
 reduced #extra constraints to 338
 reduced #extra constraints to 337
 reduced #extra constraints to 336
 reduced #extra constraints to 335
 reduced #extra constraints to 334
 reduced #extra constraints to 333
 reduced #extra constraints to 332
 reduced #extra constraints to 331
 reduced #extra constraints to 330
 reduced #extra constraints to 329
 reduced #extra constraints to 328
 reduced #extra constraints to 327
 reduced #extra constraints to 326
 reduced #extra constraints to 325
 reduced #extra constraints to 324
 reduced #extra constraints to 323
 reduced #extra constraints to 322
 reduced #extra constraints to 321
 reduced #extra constraints to 320
 reduced #extra constraints to 319
 reduced #extra constraints to 318
 reduced #extra constraints to 317
 reduced #extra constraints to 316
 reduced #extra constraints to 315
 reduced #extra constraints to 314
 reduced #extra constraints to 313
 reduced #extra constraints to 312
 reduced #extra constraints to 311
 reduced #extra constraints to 310
 reduced #extra constraints to 309
 reduced #extra constraints to 308
 reduced #extra constraints to 307
 reduced #extra constraints to 306
 reduced #extra constraints to 305
 reduced #extra constraints to 304
 reduced #extra constraints to 303
 reduced #extra constraints to 302
 reduced #extra constraints to 301
 reduced #extra constraints to 300
 reduced #extra constraints to 299
 reduced #extra constraints to 298
 reduced #extra constraints to 297
 reduced #extra constraints to 296
 reduced #extra constraints to 295
 reduced #extra constraints to 294
 reduced #extra constraints to 293
 reduced #extra constraints to 292
 reduced #extra constraints to 291
 reduced #extra constraints to 290
 reduced #extra constraints to 289
 reduced #extra constraints to 288
 reduced #extra constraints to 287
 reduced #extra constraints to 286
 reduced #extra constraints to 285
 reduced #extra constraints to 284
 reduced #extra constraints to 283
 reduced #extra constraints to 282
 reduced #extra constraints to 281
 reduced #extra constraints to 280
 reduced #extra constraints to 279
 reduced #extra constraints to 278
 reduced #extra constraints to 277
 reduced #extra constraints to 276
 reduced #extra constraints to 275
 reduced #extra constraints to 274
 reduced #extra constraints to 273
 reduced #extra constraints to 272
 reduced #extra constraints to 271
 reduced #extra constraints to 270
 reduced #extra constraints to 269
 reduced #extra constraints to 268
 reduced #extra constraints to 267
 reduced #extra constraints to 266
 reduced #extra constraints to 265
 reduced #extra constraints to 264
 reduced #extra constraints to 263
 reduced #extra constraints to 262
 reduced #extra constraints to 261
 reduced #extra constraints to 260
 reduced #extra constraints to 259
 reduced #extra constraints to 258
 reduced #extra constraints to 257
 reduced #extra constraints to 256
 reduced #extra constraints to 255
 reduced #extra constraints to 254
 reduced #extra constraints to 253
 reduced #extra constraints to 252
 reduced #extra constraints to 251
 reduced #extra constraints to 250
 reduced #extra constraints to 249
 reduced #extra constraints to 248
 reduced #extra constraints to 247
 reduced #extra constraints to 246
 reduced #extra constraints to 245
 reduced #extra constraints to 244
 reduced #extra constraints to 243
 reduced #extra constraints to 242
 reduced #extra constraints to 241
 reduced #extra constraints to 240
 reduced #extra constraints to 239
 reduced #extra constraints to 238
 reduced #extra constraints to 237
 reduced #extra constraints to 236
 reduced #extra constraints to 235
 reduced #extra constraints to 234
 reduced #extra constraints to 233
 reduced #extra constraints to 232
 reduced #extra constraints to 231
 reduced #extra constraints to 230
 reduced #extra constraints to 229
 reduced #extra constraints to 228
 reduced #extra constraints to 227
 reduced #extra constraints to 226
 reduced #extra constraints to 225
 reduced #extra constraints to 224
 reduced #extra constraints to 223
 reduced #extra constraints to 222
 reduced #extra constraints to 221
 reduced #extra constraints to 220
 reduced #extra constraints to 219
 reduced #extra constraints to 218
 reduced #extra constraints to 217
 reduced #extra constraints to 216
 reduced #extra constraints to 215
 reduced #extra constraints to 214
 reduced #extra constraints to 213
 reduced #extra constraints to 212
 reduced #extra constraints to 211
 reduced #extra constraints to 210
 reduced #extra constraints to 209
 reduced #extra constraints to 208
 reduced #extra constraints to 207
 reduced #extra constraints to 206
 reduced #extra constraints to 205
 reduced #extra constraints to 204
 reduced #extra constraints to 203
 reduced #extra constraints to 202
 reduced #extra constraints to 201
 reduced #extra constraints to 200
 reduced #extra constraints to 199
 reduced #extra constraints to 198
 reduced #extra constraints to 197
 reduced #extra constraints to 196
 reduced #extra constraints to 195
 reduced #extra constraints to 194
 reduced #extra constraints to 193
 reduced #extra constraints to 192
 reduced #extra constraints to 191
 reduced #extra constraints to 190
 reduced #extra constraints to 189
 reduced #extra constraints to 188
 reduced #extra constraints to 187
 reduced #extra constraints to 186
 reduced #extra constraints to 185
 reduced #extra constraints to 184
 reduced #extra constraints to 183
 reduced #extra constraints to 182
 reduced #extra constraints to 181
 reduced #extra constraints to 180
 reduced #extra constraints to 179
 reduced #extra constraints to 178
 reduced #extra constraints to 177
 reduced #extra constraints to 176
 reduced #extra constraints to 175
 reduced #extra constraints to 174
 reduced #extra constraints to 173
 reduced #extra constraints to 172
 reduced #extra constraints to 171
 reduced #extra constraints to 170
 reduced #extra constraints to 169
 reduced #extra constraints to 168
 reduced #extra constraints to 167
 reduced #extra constraints to 166
 reduced #extra constraints to 165
 reduced #extra constraints to 164
 reduced #extra constraints to 163
 reduced #extra constraints to 162
 reduced #extra constraints to 161
 reduced #extra constraints to 160
 reduced #extra constraints to 159
 reduced #extra constraints to 158
 reduced #extra constraints to 157
 reduced #extra constraints to 156
 reduced #extra constraints to 155
 reduced #extra constraints to 154
 reduced #extra constraints to 153
 reduced #extra constraints to 152
 reduced #extra constraints to 151
 reduced #extra constraints to 150
 reduced #extra constraints to 149
 reduced #extra constraints to 148
 reduced #extra constraints to 147
147 remain after trial & error.
The given problem seems to be unschedulable (using our scheduler), but you can make it certainly schedulable by adding all the following dispatch ordering constraints:
 - ensure that T31J576 must be dispatched before T5J149
 - ensure that T10J307 must be dispatched before T19J461
 - ensure that T8J234 must be dispatched before T7J206
 - ensure that T31J574 must be dispatched before T4J113
 - ensure that T12J359 must be dispatched before T26J544
 - ensure that T22J503 must be dispatched before T17J433
 - ensure that T1J49 must be dispatched before T30J572
 - ensure that T27J550 must be dispatched before T12J353
 - ensure that T13J369 must be dispatched before T12J346
 - ensure that T10J290 must be dispatched before T13J369
 - ensure that T1J50 must be dispatched before T32J586
 - ensure that T25J536 must be dispatched before T15J400
 - ensure that T14J382 must be dispatched before T27J548
 - ensure that T26J541 must be dispatched before T21J481
 - ensure that T36J613 must be dispatched before T16J414
 - ensure that T1J38 must be dispatched before T23J509
 - ensure that T34J600 must be dispatched before T33J593
 - ensure that T20J467 must be dispatched before T26J541
 - ensure that T10J302 must be dispatched before T34J600
 - ensure that T3J84 must be dispatched before T17J420
 - ensure that T20J470 must be dispatched before T19J456
 - ensure that T10J289 must be dispatched before T31J576
 - ensure that T30J569 must be dispatched before T29J562
 - ensure that T23J504 must be dispatched before T22J490
 - ensure that T25J532 must be dispatched before T23J504
 - ensure that T1J37 must be dispatched before T33J590
 - ensure that T17J420 must be dispatched before T25J532
 - ensure that T11J329 must be dispatched before T25J537
 - ensure that T4J133 must be dispatched before T27J551
 - ensure that T1J29 must be dispatched before T30J567
 - ensure that T36J614 must be dispatched before T35J607
 - ensure that T18J440 must be dispatched before T0J13
 - ensure that T10J301 must be dispatched before T4J133
 - ensure that T9J253 must be dispatched before T37J616
 - ensure that T1J44 must be dispatched before T25J536
 - ensure that T10J297 must be dispatched before T27J550
 - ensure that T6J185 must be dispatched before T29J564
 - ensure that T27J551 must be dispatched before T5J161
 - ensure that T25J537 must be dispatched before T14J388
 - ensure that T9J271 must be dispatched before T39J621
 - ensure that T25J535 must be dispatched before T5J152
 - ensure that T33J592 must be dispatched before T40J623
 - ensure that T1J30 must be dispatched before T13J365
 - ensure that T4J130 must be dispatched before T41J625
 - ensure that T12J363 must be dispatched before T20J475
 - ensure that T11J332 must be dispatched before T2J80
 - ensure that T11J330 must be dispatched before T29J565
 - ensure that T12J339 must be dispatched before T26J539
 - ensure that T12J354 must be dispatched before T33J592
 - ensure that T24J527 must be dispatched before T34J599
 - ensure that T32J585 must be dispatched before T1J46
 - ensure that T1J36 must be dispatched before T39J620
 - ensure that T1J32 must be dispatched before T40J622
 - ensure that T40J622 must be dispatched before T41J624
 - ensure that T11J326 must be dispatched before T2J74
 - ensure that T22J499 must be dispatched before T2J75
 - ensure that T17J422 must be dispatched before T1J32
 - ensure that T26J539 must be dispatched before T2J59
 - ensure that T10J298 must be dispatched before T4J130
 - ensure that T34J599 must be dispatched before T5J158
 - ensure that T36J610 must be dispatched before T3J89
 - ensure that T10J284 must be dispatched before T4J116
 - ensure that T27J547 must be dispatched before T4J117
 - ensure that T10J293 must be dispatched before T12J349
 - ensure that T11J333 must be dispatched before T2J81
 - ensure that T1J42 must be dispatched before T13J371
 - ensure that T31J579 must be dispatched before T0J22
 - ensure that T40J623 must be dispatched before T10J298
 - ensure that T17J429 must be dispatched before T11J327
 - ensure that T2J74 must be dispatched before T12J354
 - ensure that T20J468 must be dispatched before T19J454
 - ensure that T27J549 must be dispatched before T21J482
 - ensure that T28J558 must be dispatched before T0J23
 - ensure that T1J40 must be dispatched before T23J510
 - ensure that T3J96 must be dispatched before T24J524
 - ensure that T10J285 must be dispatched before T12J341
 - ensure that T15J398 must be dispatched before T25J535
 - ensure that T7J201 must be dispatched before T14J380
 - ensure that T19J454 must be dispatched before T27J549
 - ensure that T41J625 must be dispatched before T13J373
 - ensure that T28J557 must be dispatched before T15J401
 - ensure that T25J533 must be dispatched before T19J450
 - ensure that T8J237 must be dispatched before T35J605
 - ensure that T19J450 must be dispatched before T20J464
 - ensure that T1J41 must be dispatched before T36J612
 - ensure that T22J492 must be dispatched before T21J478
 - ensure that T41J624 must be dispatched before T22J492
 - ensure that T3J99 must be dispatched before T37J617
 - ensure that T2J75 must be dispatched before T17J429
 - ensure that T21J478 must be dispatched before T25J533
 - ensure that T14J380 must be dispatched before T27J547
 - ensure that T1J33 must be dispatched before T29J561
 - ensure that T12J350 must be dispatched before T4J126
 - ensure that T6J173 must be dispatched before T36J610
 - ensure that T34J598 must be dispatched before T5J154
 - ensure that T29J561 must be dispatched before T30J568
 - ensure that T13J367 must be dispatched before T2J62
 - ensure that T10J286 must be dispatched before T4J118
 - ensure that T15J395 must be dispatched before T5J146
 - ensure that T33J591 must be dispatched before T6J182
 - ensure that T8J230 must be dispatched before T7J202
 - ensure that T9J272 must be dispatched before T15J402
 - ensure that T9J266 must be dispatched before T8J238
 - ensure that T34J596 must be dispatched before T13J367
 - ensure that T33J589 must be dispatched before T15J395
 - ensure that T0J19 must be dispatched before T22J499
 - ensure that T26J540 must be dispatched before T20J465
 - ensure that T28J554 must be dispatched before T21J479
 - ensure that T3J90 must be dispatched before T22J493
 - ensure that T32J582 must be dispatched before T24J521
 - ensure that T11J315 must be dispatched before T28J554
 - ensure that T10J294 must be dispatched before T12J350
 - ensure that T7J202 must be dispatched before T32J582
 - ensure that T28J556 must be dispatched before T15J399
 - ensure that T10J299 must be dispatched before T23J513
 - ensure that T11J327 must be dispatched before T26J543
 - ensure that T1J46 must be dispatched before T28J557
 - ensure that T12J358 must be dispatched before T2J78
 - ensure that T26J543 must be dispatched before T4J131
 - ensure that T25J534 must be dispatched before T1J36
 - ensure that T20J471 must be dispatched before T5J159
 - ensure that T29J562 must be dispatched before T2J65
 - ensure that T26J544 must be dispatched before T2J79
 - ensure that T11J320 must be dispatched before T38J618
 - ensure that T33J593 must be dispatched before T5J162
 - ensure that T15J396 must be dispatched before T5J148
 - ensure that T26J545 must be dispatched before T10J307
 - ensure that T4J131 must be dispatched before T10J299
 - ensure that T7J215 must be dispatched before T18J443
 - ensure that T1J52 must be dispatched before T17J432
 - ensure that T10J306 must be dispatched before T4J138
 - ensure that T35J608 must be dispatched before T27J552
 - ensure that T8J247 must be dispatched before T38J619
 - ensure that T29J565 must be dispatched before T12J358
 - ensure that T30J572 must be dispatched before T31J579
 - ensure that T35J607 must be dispatched before T2J77
 - ensure that T4J120 must be dispatched before T13J368
 - ensure that T32J583 must be dispatched before T2J66
 - ensure that T8J246 must be dispatched before T13J375
 - ensure that T32J586 must be dispatched before T15J403
 - ensure that T1J53 must be dispatched before T35J608
 - ensure that T7J216 must be dispatched before T9J272
 - ensure that T39J620 must be dispatched before T21J480
 - ensure that T10J296 must be dispatched before T9J268
 - ensure that T12J346 must be dispatched before T4J122
 - ensure that T1J54 must be dispatched before T28J559
 - ensure that T20J466 must be dispatched before T25J534
Reconfiguration took 271.456 seconds (269.303 CPU seconds) and consumed 377MB of memory
